2017-12-09 23:59:59,931 INFO 9554 [egg-logrotator] app logger reload: got log-reload message
2017-12-10 17:09:39,860 WARN 9554 [ClusterClient:Watcher] follower closed, and try to init it again
2017-12-10 17:25:08,019 INFO 12117 [egg:logger] init all loggers with options: {"dir":"/Users/baixing/Downloads/kingKong/logs/kingKong","encoding":"utf8","env":"local","level":"INFO","consoleLevel":"INFO","disableConsoleAfterReady":false,"outputJSON":false,"buffer":true,"appLogName":"kingKong-web.log","coreLogName":"egg-web.log","agentLogName":"egg-agent.log","errorLogName":"common-error.log","coreLogger":{"consoleLevel":"WARN"},"allowDebugAtProd":true,"type":"application"}
2017-12-10 17:25:08,202 INFO 12117 [egg-schedule]: register schedule /Users/baixing/Downloads/kingKong/node_modules/egg-logrotator/app/schedule/clean_log.js
2017-12-10 17:25:08,202 INFO 12117 [egg-schedule]: register schedule /Users/baixing/Downloads/kingKong/node_modules/egg-logrotator/app/schedule/rotate_by_file.js
2017-12-10 17:25:08,274 INFO 12117 [egg-mysql] connecting root@127.0.0.1:3306/kingKong
2017-12-10 17:25:08,639 INFO 12117 [egg-static] starting static serve /public/ -> /Users/baixing/Downloads/kingKong/app/public
2017-12-10 17:25:08,647 INFO 12117 [egg-security] use csrf middleware
2017-12-10 17:25:08,649 INFO 12117 [egg-security] use methodnoallow middleware
2017-12-10 17:25:08,650 INFO 12117 [egg-security] use noopen middleware
2017-12-10 17:25:08,651 INFO 12117 [egg-security] use nosniff middleware
2017-12-10 17:25:08,652 INFO 12117 [egg-security] use xssProtection middleware
2017-12-10 17:25:08,654 INFO 12117 [egg-security] use xframe middleware
2017-12-10 17:25:08,656 INFO 12117 [egg-security] use dta middleware
2017-12-10 17:25:08,656 INFO 12117 [egg-security] compose 7 middlewares into one security middleware
2017-12-10 17:25:08,732 INFO 12117 [egg-watcher:app] watcher start success
2017-12-10 17:25:08,738 INFO 12117 [egg-mysql] instance[0] status OK, rds currentTime: Sun Dec 10 2017 17:25:08 GMT+0800 (CST)
2017-12-10 17:25:52,729 INFO 12159 [egg:logger] init all loggers with options: {"dir":"/Users/baixing/Downloads/kingKong/logs/kingKong","encoding":"utf8","env":"local","level":"INFO","consoleLevel":"INFO","disableConsoleAfterReady":false,"outputJSON":false,"buffer":true,"appLogName":"kingKong-web.log","coreLogName":"egg-web.log","agentLogName":"egg-agent.log","errorLogName":"common-error.log","coreLogger":{"consoleLevel":"WARN"},"allowDebugAtProd":true,"type":"application"}
2017-12-10 17:25:52,766 INFO 12159 [egg-schedule]: register schedule /Users/baixing/Downloads/kingKong/node_modules/egg-logrotator/app/schedule/clean_log.js
2017-12-10 17:25:52,766 INFO 12159 [egg-schedule]: register schedule /Users/baixing/Downloads/kingKong/node_modules/egg-logrotator/app/schedule/rotate_by_file.js
2017-12-10 17:25:52,777 INFO 12159 [egg-mysql] connecting root@127.0.0.1:3306/kingKong
2017-12-10 17:25:52,892 INFO 12159 [egg-static] starting static serve /public/ -> /Users/baixing/Downloads/kingKong/app/public
2017-12-10 17:25:52,895 INFO 12159 [egg-security] use csrf middleware
2017-12-10 17:25:52,897 INFO 12159 [egg-security] use methodnoallow middleware
2017-12-10 17:25:52,897 INFO 12159 [egg-security] use noopen middleware
2017-12-10 17:25:52,898 INFO 12159 [egg-security] use nosniff middleware
2017-12-10 17:25:52,898 INFO 12159 [egg-security] use xssProtection middleware
2017-12-10 17:25:52,898 INFO 12159 [egg-security] use xframe middleware
2017-12-10 17:25:52,899 INFO 12159 [egg-security] use dta middleware
2017-12-10 17:25:52,899 INFO 12159 [egg-security] compose 7 middlewares into one security middleware
2017-12-10 17:25:52,956 INFO 12159 [egg-watcher:app] watcher start success
2017-12-10 17:25:52,959 INFO 12159 [egg-mysql] instance[0] status OK, rds currentTime: Sun Dec 10 2017 17:25:52 GMT+0800 (CST)
2017-12-10 17:28:00,118 INFO 12186 [egg:logger] init all loggers with options: {"dir":"/Users/baixing/Downloads/kingKong/logs/kingKong","encoding":"utf8","env":"local","level":"INFO","consoleLevel":"INFO","disableConsoleAfterReady":false,"outputJSON":false,"buffer":true,"appLogName":"kingKong-web.log","coreLogName":"egg-web.log","agentLogName":"egg-agent.log","errorLogName":"common-error.log","coreLogger":{"consoleLevel":"WARN"},"allowDebugAtProd":true,"type":"application"}
2017-12-10 17:28:00,156 INFO 12186 [egg-schedule]: register schedule /Users/baixing/Downloads/kingKong/node_modules/egg-logrotator/app/schedule/clean_log.js
2017-12-10 17:28:00,156 INFO 12186 [egg-schedule]: register schedule /Users/baixing/Downloads/kingKong/node_modules/egg-logrotator/app/schedule/rotate_by_file.js
2017-12-10 17:28:00,168 INFO 12186 [egg-mysql] connecting root@127.0.0.1:3306/kingKong
2017-12-10 17:28:00,271 INFO 12186 [egg-static] starting static serve /public/ -> /Users/baixing/Downloads/kingKong/app/public
2017-12-10 17:28:00,274 INFO 12186 [egg-security] use csrf middleware
2017-12-10 17:28:00,275 INFO 12186 [egg-security] use methodnoallow middleware
2017-12-10 17:28:00,275 INFO 12186 [egg-security] use noopen middleware
2017-12-10 17:28:00,276 INFO 12186 [egg-security] use nosniff middleware
2017-12-10 17:28:00,276 INFO 12186 [egg-security] use xssProtection middleware
2017-12-10 17:28:00,276 INFO 12186 [egg-security] use xframe middleware
2017-12-10 17:28:00,277 INFO 12186 [egg-security] use dta middleware
2017-12-10 17:28:00,277 INFO 12186 [egg-security] compose 7 middlewares into one security middleware
2017-12-10 17:28:00,331 INFO 12186 [egg-watcher:app] watcher start success
2017-12-10 17:28:00,334 INFO 12186 [egg-mysql] instance[0] status OK, rds currentTime: Sun Dec 10 2017 17:28:00 GMT+0800 (CST)
2017-12-10 17:28:00,890 INFO 12187 [egg:logger] init all loggers with options: {"dir":"/Users/baixing/Downloads/kingKong/logs/kingKong","encoding":"utf8","env":"local","level":"INFO","consoleLevel":"INFO","disableConsoleAfterReady":false,"outputJSON":false,"buffer":true,"appLogName":"kingKong-web.log","coreLogName":"egg-web.log","agentLogName":"egg-agent.log","errorLogName":"common-error.log","coreLogger":{"consoleLevel":"WARN"},"allowDebugAtProd":true,"type":"application"}
2017-12-10 17:28:00,926 INFO 12187 [egg-schedule]: register schedule /Users/baixing/Downloads/kingKong/node_modules/egg-logrotator/app/schedule/clean_log.js
2017-12-10 17:28:00,926 INFO 12187 [egg-schedule]: register schedule /Users/baixing/Downloads/kingKong/node_modules/egg-logrotator/app/schedule/rotate_by_file.js
2017-12-10 17:28:00,937 INFO 12187 [egg-mysql] connecting root@127.0.0.1:3306/kingKong
2017-12-10 17:28:01,055 INFO 12187 [egg-static] starting static serve /public/ -> /Users/baixing/Downloads/kingKong/app/public
2017-12-10 17:28:01,058 INFO 12187 [egg-security] use csrf middleware
2017-12-10 17:28:01,059 INFO 12187 [egg-security] use methodnoallow middleware
2017-12-10 17:28:01,059 INFO 12187 [egg-security] use noopen middleware
2017-12-10 17:28:01,060 INFO 12187 [egg-security] use nosniff middleware
2017-12-10 17:28:01,060 INFO 12187 [egg-security] use xssProtection middleware
2017-12-10 17:28:01,061 INFO 12187 [egg-security] use xframe middleware
2017-12-10 17:28:01,061 INFO 12187 [egg-security] use dta middleware
2017-12-10 17:28:01,061 INFO 12187 [egg-security] compose 7 middlewares into one security middleware
2017-12-10 17:28:01,120 INFO 12187 [egg-watcher:app] watcher start success
2017-12-10 17:28:01,123 INFO 12187 [egg-mysql] instance[0] status OK, rds currentTime: Sun Dec 10 2017 17:28:01 GMT+0800 (CST)
2017-12-10 17:35:35,766 INFO 12296 [egg:logger] init all loggers with options: {"dir":"/Users/baixing/Downloads/kingKong/logs/kingKong","encoding":"utf8","env":"local","level":"INFO","consoleLevel":"INFO","disableConsoleAfterReady":false,"outputJSON":false,"buffer":true,"appLogName":"kingKong-web.log","coreLogName":"egg-web.log","agentLogName":"egg-agent.log","errorLogName":"common-error.log","coreLogger":{"consoleLevel":"WARN"},"allowDebugAtProd":true,"type":"application"}
2017-12-10 17:35:35,801 INFO 12296 [egg-schedule]: register schedule /Users/baixing/Downloads/kingKong/node_modules/egg-logrotator/app/schedule/clean_log.js
2017-12-10 17:35:35,801 INFO 12296 [egg-schedule]: register schedule /Users/baixing/Downloads/kingKong/node_modules/egg-logrotator/app/schedule/rotate_by_file.js
2017-12-10 17:35:35,812 INFO 12296 [egg-mysql] connecting root@127.0.0.1:3306/kingKong
2017-12-10 17:35:35,923 INFO 12296 [egg-static] starting static serve /public/ -> /Users/baixing/Downloads/kingKong/app/public
2017-12-10 17:35:35,927 INFO 12296 [egg-security] use csrf middleware
2017-12-10 17:35:35,928 INFO 12296 [egg-security] use methodnoallow middleware
2017-12-10 17:35:35,928 INFO 12296 [egg-security] use noopen middleware
2017-12-10 17:35:35,928 INFO 12296 [egg-security] use nosniff middleware
2017-12-10 17:35:35,929 INFO 12296 [egg-security] use xssProtection middleware
2017-12-10 17:35:35,929 INFO 12296 [egg-security] use xframe middleware
2017-12-10 17:35:35,929 INFO 12296 [egg-security] use dta middleware
2017-12-10 17:35:35,929 INFO 12296 [egg-security] compose 7 middlewares into one security middleware
2017-12-10 17:35:35,983 INFO 12296 [egg-watcher:app] watcher start success
2017-12-10 17:35:35,986 INFO 12296 [egg-mysql] instance[0] status OK, rds currentTime: Sun Dec 10 2017 17:35:35 GMT+0800 (CST)
2017-12-10 17:35:50,943 INFO 12308 [egg:logger] init all loggers with options: {"dir":"/Users/baixing/Downloads/kingKong/logs/kingKong","encoding":"utf8","env":"local","level":"INFO","consoleLevel":"INFO","disableConsoleAfterReady":false,"outputJSON":false,"buffer":true,"appLogName":"kingKong-web.log","coreLogName":"egg-web.log","agentLogName":"egg-agent.log","errorLogName":"common-error.log","coreLogger":{"consoleLevel":"WARN"},"allowDebugAtProd":true,"type":"application"}
2017-12-10 17:35:50,982 INFO 12308 [egg-schedule]: register schedule /Users/baixing/Downloads/kingKong/node_modules/egg-logrotator/app/schedule/clean_log.js
2017-12-10 17:35:50,982 INFO 12308 [egg-schedule]: register schedule /Users/baixing/Downloads/kingKong/node_modules/egg-logrotator/app/schedule/rotate_by_file.js
2017-12-10 17:35:50,994 INFO 12308 [egg-mysql] connecting root@127.0.0.1:3306/kingKong
2017-12-10 17:35:51,107 INFO 12308 [egg-static] starting static serve /public/ -> /Users/baixing/Downloads/kingKong/app/public
2017-12-10 17:35:51,111 INFO 12308 [egg-security] use csrf middleware
2017-12-10 17:35:51,112 INFO 12308 [egg-security] use methodnoallow middleware
2017-12-10 17:35:51,112 INFO 12308 [egg-security] use noopen middleware
2017-12-10 17:35:51,112 INFO 12308 [egg-security] use nosniff middleware
2017-12-10 17:35:51,113 INFO 12308 [egg-security] use xssProtection middleware
2017-12-10 17:35:51,113 INFO 12308 [egg-security] use xframe middleware
2017-12-10 17:35:51,114 INFO 12308 [egg-security] use dta middleware
2017-12-10 17:35:51,114 INFO 12308 [egg-security] compose 7 middlewares into one security middleware
2017-12-10 17:35:51,167 INFO 12308 [egg-watcher:app] watcher start success
2017-12-10 17:35:51,169 INFO 12308 [egg-mysql] instance[0] status OK, rds currentTime: Sun Dec 10 2017 17:35:51 GMT+0800 (CST)
2017-12-10 17:42:40,801 INFO 12397 [egg:logger] init all loggers with options: {"dir":"/Users/baixing/Downloads/kingKong/logs/kingKong","encoding":"utf8","env":"local","level":"INFO","consoleLevel":"INFO","disableConsoleAfterReady":false,"outputJSON":false,"buffer":true,"appLogName":"kingKong-web.log","coreLogName":"egg-web.log","agentLogName":"egg-agent.log","errorLogName":"common-error.log","coreLogger":{"consoleLevel":"WARN"},"allowDebugAtProd":true,"type":"application"}
2017-12-10 17:42:40,845 INFO 12397 [egg-schedule]: register schedule /Users/baixing/Downloads/kingKong/node_modules/egg-logrotator/app/schedule/clean_log.js
2017-12-10 17:42:40,845 INFO 12397 [egg-schedule]: register schedule /Users/baixing/Downloads/kingKong/node_modules/egg-logrotator/app/schedule/rotate_by_file.js
2017-12-10 17:42:40,860 INFO 12397 [egg-mysql] connecting root@127.0.0.1:3306/kingKong
2017-12-10 17:42:41,030 INFO 12397 [egg-static] starting static serve /public/ -> /Users/baixing/Downloads/kingKong/app/public
2017-12-10 17:42:41,035 INFO 12397 [egg-security] use csrf middleware
2017-12-10 17:42:41,037 INFO 12397 [egg-security] use methodnoallow middleware
2017-12-10 17:42:41,038 INFO 12397 [egg-security] use noopen middleware
2017-12-10 17:42:41,038 INFO 12397 [egg-security] use nosniff middleware
2017-12-10 17:42:41,039 INFO 12397 [egg-security] use xssProtection middleware
2017-12-10 17:42:41,039 INFO 12397 [egg-security] use xframe middleware
2017-12-10 17:42:41,040 INFO 12397 [egg-security] use dta middleware
2017-12-10 17:42:41,040 INFO 12397 [egg-security] compose 7 middlewares into one security middleware
2017-12-10 17:42:41,111 INFO 12397 [egg-watcher:app] watcher start success
2017-12-10 17:42:41,115 INFO 12397 [egg-mysql] instance[0] status OK, rds currentTime: Sun Dec 10 2017 17:42:41 GMT+0800 (CST)
2017-12-10 17:43:07,047 INFO 12415 [egg:logger] init all loggers with options: {"dir":"/Users/baixing/Downloads/kingKong/logs/kingKong","encoding":"utf8","env":"local","level":"INFO","consoleLevel":"INFO","disableConsoleAfterReady":false,"outputJSON":false,"buffer":true,"appLogName":"kingKong-web.log","coreLogName":"egg-web.log","agentLogName":"egg-agent.log","errorLogName":"common-error.log","coreLogger":{"consoleLevel":"WARN"},"allowDebugAtProd":true,"type":"application"}
2017-12-10 17:43:07,080 INFO 12415 [egg-schedule]: register schedule /Users/baixing/Downloads/kingKong/node_modules/egg-logrotator/app/schedule/clean_log.js
2017-12-10 17:43:07,080 INFO 12415 [egg-schedule]: register schedule /Users/baixing/Downloads/kingKong/node_modules/egg-logrotator/app/schedule/rotate_by_file.js
2017-12-10 17:43:07,090 INFO 12415 [egg-mysql] connecting root@127.0.0.1:3306/kingKong
2017-12-10 17:43:07,182 INFO 12415 [egg-static] starting static serve /public/ -> /Users/baixing/Downloads/kingKong/app/public
2017-12-10 17:43:07,185 INFO 12415 [egg-security] use csrf middleware
2017-12-10 17:43:07,186 INFO 12415 [egg-security] use methodnoallow middleware
2017-12-10 17:43:07,186 INFO 12415 [egg-security] use noopen middleware
2017-12-10 17:43:07,187 INFO 12415 [egg-security] use nosniff middleware
2017-12-10 17:43:07,187 INFO 12415 [egg-security] use xssProtection middleware
2017-12-10 17:43:07,187 INFO 12415 [egg-security] use xframe middleware
2017-12-10 17:43:07,188 INFO 12415 [egg-security] use dta middleware
2017-12-10 17:43:07,188 INFO 12415 [egg-security] compose 7 middlewares into one security middleware
2017-12-10 17:43:07,239 INFO 12415 [egg-watcher:app] watcher start success
2017-12-10 17:43:07,241 INFO 12415 [egg-mysql] instance[0] status OK, rds currentTime: Sun Dec 10 2017 17:43:07 GMT+0800 (CST)
2017-12-10 17:43:27,740 INFO 12428 [egg:logger] init all loggers with options: {"dir":"/Users/baixing/Downloads/kingKong/logs/kingKong","encoding":"utf8","env":"local","level":"INFO","consoleLevel":"INFO","disableConsoleAfterReady":false,"outputJSON":false,"buffer":true,"appLogName":"kingKong-web.log","coreLogName":"egg-web.log","agentLogName":"egg-agent.log","errorLogName":"common-error.log","coreLogger":{"consoleLevel":"WARN"},"allowDebugAtProd":true,"type":"application"}
2017-12-10 17:43:27,778 INFO 12428 [egg-schedule]: register schedule /Users/baixing/Downloads/kingKong/node_modules/egg-logrotator/app/schedule/clean_log.js
2017-12-10 17:43:27,778 INFO 12428 [egg-schedule]: register schedule /Users/baixing/Downloads/kingKong/node_modules/egg-logrotator/app/schedule/rotate_by_file.js
2017-12-10 17:43:27,789 INFO 12428 [egg-mysql] connecting root@127.0.0.1:3306/kingKong
2017-12-10 17:43:27,890 INFO 12428 [egg-static] starting static serve /public/ -> /Users/baixing/Downloads/kingKong/app/public
2017-12-10 17:43:27,893 INFO 12428 [egg-security] use csrf middleware
2017-12-10 17:43:27,894 INFO 12428 [egg-security] use methodnoallow middleware
2017-12-10 17:43:27,894 INFO 12428 [egg-security] use noopen middleware
2017-12-10 17:43:27,894 INFO 12428 [egg-security] use nosniff middleware
2017-12-10 17:43:27,895 INFO 12428 [egg-security] use xssProtection middleware
2017-12-10 17:43:27,895 INFO 12428 [egg-security] use xframe middleware
2017-12-10 17:43:27,895 INFO 12428 [egg-security] use dta middleware
2017-12-10 17:43:27,895 INFO 12428 [egg-security] compose 7 middlewares into one security middleware
2017-12-10 17:43:27,948 INFO 12428 [egg-watcher:app] watcher start success
2017-12-10 17:43:27,951 INFO 12428 [egg-mysql] instance[0] status OK, rds currentTime: Sun Dec 10 2017 17:43:27 GMT+0800 (CST)
2017-12-10 17:44:54,182 INFO 12464 [egg:logger] init all loggers with options: {"dir":"/Users/baixing/Downloads/kingKong/logs/kingKong","encoding":"utf8","env":"local","level":"INFO","consoleLevel":"INFO","disableConsoleAfterReady":false,"outputJSON":false,"buffer":true,"appLogName":"kingKong-web.log","coreLogName":"egg-web.log","agentLogName":"egg-agent.log","errorLogName":"common-error.log","coreLogger":{"consoleLevel":"WARN"},"allowDebugAtProd":true,"type":"application"}
2017-12-10 17:44:54,239 INFO 12464 [egg-schedule]: register schedule /Users/baixing/Downloads/kingKong/node_modules/egg-logrotator/app/schedule/clean_log.js
2017-12-10 17:44:54,239 INFO 12464 [egg-schedule]: register schedule /Users/baixing/Downloads/kingKong/node_modules/egg-logrotator/app/schedule/rotate_by_file.js
2017-12-10 17:44:54,256 INFO 12464 [egg-mysql] connecting root@127.0.0.1:3306/kingKong
2017-12-10 17:44:54,465 INFO 12464 [egg-static] starting static serve /public/ -> /Users/baixing/Downloads/kingKong/app/public
2017-12-10 17:44:54,473 INFO 12464 [egg-security] use csrf middleware
2017-12-10 17:44:54,476 INFO 12464 [egg-security] use methodnoallow middleware
2017-12-10 17:44:54,477 INFO 12464 [egg-security] use noopen middleware
2017-12-10 17:44:54,478 INFO 12464 [egg-security] use nosniff middleware
2017-12-10 17:44:54,478 INFO 12464 [egg-security] use xssProtection middleware
2017-12-10 17:44:54,480 INFO 12464 [egg-security] use xframe middleware
2017-12-10 17:44:54,481 INFO 12464 [egg-security] use dta middleware
2017-12-10 17:44:54,482 INFO 12464 [egg-security] compose 7 middlewares into one security middleware
2017-12-10 17:44:54,572 INFO 12464 [egg-watcher:app] watcher start success
2017-12-10 17:44:54,577 INFO 12464 [egg-mysql] instance[0] status OK, rds currentTime: Sun Dec 10 2017 17:44:54 GMT+0800 (CST)
2017-12-10 17:45:18,888 INFO 12485 [egg:logger] init all loggers with options: {"dir":"/Users/baixing/Downloads/kingKong/logs/kingKong","encoding":"utf8","env":"local","level":"INFO","consoleLevel":"INFO","disableConsoleAfterReady":false,"outputJSON":false,"buffer":true,"appLogName":"kingKong-web.log","coreLogName":"egg-web.log","agentLogName":"egg-agent.log","errorLogName":"common-error.log","coreLogger":{"consoleLevel":"WARN"},"allowDebugAtProd":true,"type":"application"}
2017-12-10 17:45:18,944 INFO 12485 [egg-schedule]: register schedule /Users/baixing/Downloads/kingKong/node_modules/egg-logrotator/app/schedule/clean_log.js
2017-12-10 17:45:18,944 INFO 12485 [egg-schedule]: register schedule /Users/baixing/Downloads/kingKong/node_modules/egg-logrotator/app/schedule/rotate_by_file.js
2017-12-10 17:45:18,961 INFO 12485 [egg-mysql] connecting root@127.0.0.1:3306/kingKong
2017-12-10 17:45:19,077 INFO 12485 [egg-static] starting static serve /public/ -> /Users/baixing/Downloads/kingKong/app/public
2017-12-10 17:45:19,081 INFO 12485 [egg-security] use csrf middleware
2017-12-10 17:45:19,081 INFO 12485 [egg-security] use methodnoallow middleware
2017-12-10 17:45:19,082 INFO 12485 [egg-security] use noopen middleware
2017-12-10 17:45:19,082 INFO 12485 [egg-security] use nosniff middleware
2017-12-10 17:45:19,082 INFO 12485 [egg-security] use xssProtection middleware
2017-12-10 17:45:19,083 INFO 12485 [egg-security] use xframe middleware
2017-12-10 17:45:19,083 INFO 12485 [egg-security] use dta middleware
2017-12-10 17:45:19,083 INFO 12485 [egg-security] compose 7 middlewares into one security middleware
2017-12-10 17:45:19,139 INFO 12485 [egg-watcher:app] watcher start success
2017-12-10 17:45:19,141 INFO 12485 [egg-mysql] instance[0] status OK, rds currentTime: Sun Dec 10 2017 17:45:19 GMT+0800 (CST)
2017-12-10 17:46:40,842 INFO 12514 [egg:logger] init all loggers with options: {"dir":"/Users/baixing/Downloads/kingKong/logs/kingKong","encoding":"utf8","env":"local","level":"INFO","consoleLevel":"INFO","disableConsoleAfterReady":false,"outputJSON":false,"buffer":true,"appLogName":"kingKong-web.log","coreLogName":"egg-web.log","agentLogName":"egg-agent.log","errorLogName":"common-error.log","coreLogger":{"consoleLevel":"WARN"},"allowDebugAtProd":true,"type":"application"}
2017-12-10 17:46:40,877 INFO 12514 [egg-schedule]: register schedule /Users/baixing/Downloads/kingKong/node_modules/egg-logrotator/app/schedule/clean_log.js
2017-12-10 17:46:40,877 INFO 12514 [egg-schedule]: register schedule /Users/baixing/Downloads/kingKong/node_modules/egg-logrotator/app/schedule/rotate_by_file.js
2017-12-10 17:46:40,891 INFO 12514 [egg-mysql] connecting root@127.0.0.1:3306/kingKong
2017-12-10 17:46:41,007 INFO 12514 [egg-static] starting static serve /public/ -> /Users/baixing/Downloads/kingKong/app/public
2017-12-10 17:46:41,010 INFO 12514 [egg-security] use csrf middleware
2017-12-10 17:46:41,011 INFO 12514 [egg-security] use methodnoallow middleware
2017-12-10 17:46:41,011 INFO 12514 [egg-security] use noopen middleware
2017-12-10 17:46:41,012 INFO 12514 [egg-security] use nosniff middleware
2017-12-10 17:46:41,013 INFO 12514 [egg-security] use xssProtection middleware
2017-12-10 17:46:41,013 INFO 12514 [egg-security] use xframe middleware
2017-12-10 17:46:41,014 INFO 12514 [egg-security] use dta middleware
2017-12-10 17:46:41,014 INFO 12514 [egg-security] compose 7 middlewares into one security middleware
2017-12-10 17:46:41,091 INFO 12514 [egg-watcher:app] watcher start success
2017-12-10 17:46:41,095 INFO 12514 [egg-mysql] instance[0] status OK, rds currentTime: Sun Dec 10 2017 17:46:41 GMT+0800 (CST)
2017-12-10 17:46:54,595 INFO 12530 [egg:logger] init all loggers with options: {"dir":"/Users/baixing/Downloads/kingKong/logs/kingKong","encoding":"utf8","env":"local","level":"INFO","consoleLevel":"INFO","disableConsoleAfterReady":false,"outputJSON":false,"buffer":true,"appLogName":"kingKong-web.log","coreLogName":"egg-web.log","agentLogName":"egg-agent.log","errorLogName":"common-error.log","coreLogger":{"consoleLevel":"WARN"},"allowDebugAtProd":true,"type":"application"}
2017-12-10 17:46:54,658 INFO 12530 [egg-schedule]: register schedule /Users/baixing/Downloads/kingKong/node_modules/egg-logrotator/app/schedule/clean_log.js
2017-12-10 17:46:54,658 INFO 12530 [egg-schedule]: register schedule /Users/baixing/Downloads/kingKong/node_modules/egg-logrotator/app/schedule/rotate_by_file.js
2017-12-10 17:46:54,677 INFO 12530 [egg-mysql] connecting root@127.0.0.1:3306/kingKong
2017-12-10 17:46:54,834 INFO 12530 [egg-static] starting static serve /public/ -> /Users/baixing/Downloads/kingKong/app/public
2017-12-10 17:46:54,839 INFO 12530 [egg-security] use csrf middleware
2017-12-10 17:46:54,840 INFO 12530 [egg-security] use methodnoallow middleware
2017-12-10 17:46:54,841 INFO 12530 [egg-security] use noopen middleware
2017-12-10 17:46:54,841 INFO 12530 [egg-security] use nosniff middleware
2017-12-10 17:46:54,842 INFO 12530 [egg-security] use xssProtection middleware
2017-12-10 17:46:54,842 INFO 12530 [egg-security] use xframe middleware
2017-12-10 17:46:54,842 INFO 12530 [egg-security] use dta middleware
2017-12-10 17:46:54,842 INFO 12530 [egg-security] compose 7 middlewares into one security middleware
2017-12-10 17:46:54,900 INFO 12530 [egg-watcher:app] watcher start success
2017-12-10 17:46:54,903 INFO 12530 [egg-mysql] instance[0] status OK, rds currentTime: Sun Dec 10 2017 17:46:54 GMT+0800 (CST)
2017-12-10 17:47:18,835 INFO 12549 [egg:logger] init all loggers with options: {"dir":"/Users/baixing/Downloads/kingKong/logs/kingKong","encoding":"utf8","env":"local","level":"INFO","consoleLevel":"INFO","disableConsoleAfterReady":false,"outputJSON":false,"buffer":true,"appLogName":"kingKong-web.log","coreLogName":"egg-web.log","agentLogName":"egg-agent.log","errorLogName":"common-error.log","coreLogger":{"consoleLevel":"WARN"},"allowDebugAtProd":true,"type":"application"}
2017-12-10 17:47:18,871 INFO 12549 [egg-schedule]: register schedule /Users/baixing/Downloads/kingKong/node_modules/egg-logrotator/app/schedule/clean_log.js
2017-12-10 17:47:18,871 INFO 12549 [egg-schedule]: register schedule /Users/baixing/Downloads/kingKong/node_modules/egg-logrotator/app/schedule/rotate_by_file.js
2017-12-10 17:47:18,884 INFO 12549 [egg-mysql] connecting root@127.0.0.1:3306/kingKong
2017-12-10 17:47:19,030 INFO 12549 [egg-static] starting static serve /public/ -> /Users/baixing/Downloads/kingKong/app/public
2017-12-10 17:47:19,035 INFO 12549 [egg-security] use csrf middleware
2017-12-10 17:47:19,038 INFO 12549 [egg-security] use methodnoallow middleware
2017-12-10 17:47:19,039 INFO 12549 [egg-security] use noopen middleware
2017-12-10 17:47:19,040 INFO 12549 [egg-security] use nosniff middleware
2017-12-10 17:47:19,040 INFO 12549 [egg-security] use xssProtection middleware
2017-12-10 17:47:19,041 INFO 12549 [egg-security] use xframe middleware
2017-12-10 17:47:19,042 INFO 12549 [egg-security] use dta middleware
2017-12-10 17:47:19,042 INFO 12549 [egg-security] compose 7 middlewares into one security middleware
2017-12-10 17:47:19,100 INFO 12549 [egg-watcher:app] watcher start success
2017-12-10 17:47:19,102 INFO 12549 [egg-mysql] instance[0] status OK, rds currentTime: Sun Dec 10 2017 17:47:19 GMT+0800 (CST)
2017-12-10 17:49:35,815 INFO 12590 [egg:logger] init all loggers with options: {"dir":"/Users/baixing/Downloads/kingKong/logs/kingKong","encoding":"utf8","env":"local","level":"INFO","consoleLevel":"INFO","disableConsoleAfterReady":false,"outputJSON":false,"buffer":true,"appLogName":"kingKong-web.log","coreLogName":"egg-web.log","agentLogName":"egg-agent.log","errorLogName":"common-error.log","coreLogger":{"consoleLevel":"WARN"},"allowDebugAtProd":true,"type":"application"}
2017-12-10 17:49:35,853 INFO 12590 [egg-schedule]: register schedule /Users/baixing/Downloads/kingKong/node_modules/egg-logrotator/app/schedule/clean_log.js
2017-12-10 17:49:35,853 INFO 12590 [egg-schedule]: register schedule /Users/baixing/Downloads/kingKong/node_modules/egg-logrotator/app/schedule/rotate_by_file.js
2017-12-10 17:49:35,866 INFO 12590 [egg-mysql] connecting root@127.0.0.1:3306/kingKong
2017-12-10 17:49:35,983 INFO 12590 [egg-static] starting static serve /public/ -> /Users/baixing/Downloads/kingKong/app/public
2017-12-10 17:49:35,987 INFO 12590 [egg-security] use csrf middleware
2017-12-10 17:49:35,988 INFO 12590 [egg-security] use methodnoallow middleware
2017-12-10 17:49:35,988 INFO 12590 [egg-security] use noopen middleware
2017-12-10 17:49:35,989 INFO 12590 [egg-security] use nosniff middleware
2017-12-10 17:49:35,989 INFO 12590 [egg-security] use xssProtection middleware
2017-12-10 17:49:35,990 INFO 12590 [egg-security] use xframe middleware
2017-12-10 17:49:35,990 INFO 12590 [egg-security] use dta middleware
2017-12-10 17:49:35,990 INFO 12590 [egg-security] compose 7 middlewares into one security middleware
2017-12-10 17:49:36,050 INFO 12590 [egg-watcher:app] watcher start success
2017-12-10 17:49:36,053 INFO 12590 [egg-mysql] instance[0] status OK, rds currentTime: Sun Dec 10 2017 17:49:36 GMT+0800 (CST)
2017-12-10 17:52:03,126 INFO 12622 [egg:logger] init all loggers with options: {"dir":"/Users/baixing/Downloads/kingKong/logs/kingKong","encoding":"utf8","env":"local","level":"INFO","consoleLevel":"INFO","disableConsoleAfterReady":false,"outputJSON":false,"buffer":true,"appLogName":"kingKong-web.log","coreLogName":"egg-web.log","agentLogName":"egg-agent.log","errorLogName":"common-error.log","coreLogger":{"consoleLevel":"WARN"},"allowDebugAtProd":true,"type":"application"}
2017-12-10 17:52:03,161 INFO 12622 [egg-schedule]: register schedule /Users/baixing/Downloads/kingKong/node_modules/egg-logrotator/app/schedule/clean_log.js
2017-12-10 17:52:03,161 INFO 12622 [egg-schedule]: register schedule /Users/baixing/Downloads/kingKong/node_modules/egg-logrotator/app/schedule/rotate_by_file.js
2017-12-10 17:52:03,174 INFO 12622 [egg-mysql] connecting root@127.0.0.1:3306/kingKong
2017-12-10 17:52:03,275 INFO 12622 [egg-static] starting static serve /public/ -> /Users/baixing/Downloads/kingKong/app/public
2017-12-10 17:52:03,278 INFO 12622 [egg-security] use csrf middleware
2017-12-10 17:52:03,279 INFO 12622 [egg-security] use methodnoallow middleware
2017-12-10 17:52:03,279 INFO 12622 [egg-security] use noopen middleware
2017-12-10 17:52:03,280 INFO 12622 [egg-security] use nosniff middleware
2017-12-10 17:52:03,280 INFO 12622 [egg-security] use xssProtection middleware
2017-12-10 17:52:03,281 INFO 12622 [egg-security] use xframe middleware
2017-12-10 17:52:03,281 INFO 12622 [egg-security] use dta middleware
2017-12-10 17:52:03,281 INFO 12622 [egg-security] compose 7 middlewares into one security middleware
2017-12-10 17:52:03,334 INFO 12622 [egg-watcher:app] watcher start success
2017-12-10 17:52:03,338 INFO 12622 [egg-mysql] instance[0] status OK, rds currentTime: Sun Dec 10 2017 17:52:03 GMT+0800 (CST)
2017-12-10 18:06:32,840 INFO 13083 [egg:logger] init all loggers with options: {"dir":"/Users/baixing/Downloads/kingKong/logs/kingKong","encoding":"utf8","env":"local","level":"INFO","consoleLevel":"INFO","disableConsoleAfterReady":false,"outputJSON":false,"buffer":true,"appLogName":"kingKong-web.log","coreLogName":"egg-web.log","agentLogName":"egg-agent.log","errorLogName":"common-error.log","coreLogger":{"consoleLevel":"WARN"},"allowDebugAtProd":true,"type":"application"}
2017-12-10 18:06:32,878 INFO 13083 [egg-schedule]: register schedule /Users/baixing/Downloads/kingKong/node_modules/egg-logrotator/app/schedule/clean_log.js
2017-12-10 18:06:32,878 INFO 13083 [egg-schedule]: register schedule /Users/baixing/Downloads/kingKong/node_modules/egg-logrotator/app/schedule/rotate_by_file.js
2017-12-10 18:06:32,891 INFO 13083 [egg-mysql] connecting root@127.0.0.1:3306/kingKong
2017-12-10 18:06:32,992 INFO 13083 [egg-static] starting static serve /public/ -> /Users/baixing/Downloads/kingKong/app/public
2017-12-10 18:06:32,995 INFO 13083 [egg-security] use csrf middleware
2017-12-10 18:06:32,995 INFO 13083 [egg-security] use methodnoallow middleware
2017-12-10 18:06:32,996 INFO 13083 [egg-security] use noopen middleware
2017-12-10 18:06:32,996 INFO 13083 [egg-security] use nosniff middleware
2017-12-10 18:06:32,997 INFO 13083 [egg-security] use xssProtection middleware
2017-12-10 18:06:32,997 INFO 13083 [egg-security] use xframe middleware
2017-12-10 18:06:32,997 INFO 13083 [egg-security] use dta middleware
2017-12-10 18:06:32,997 INFO 13083 [egg-security] compose 7 middlewares into one security middleware
2017-12-10 18:06:33,050 INFO 13083 [egg-mysql] instance[0] status OK, rds currentTime: Sun Dec 10 2017 18:06:33 GMT+0800 (CST)
2017-12-10 18:06:33,053 INFO 13083 [egg-watcher:app] watcher start success
2017-12-10 19:21:59,424 INFO 14133 [egg:logger] init all loggers with options: {"dir":"/Users/baixing/Downloads/kingKong/logs/kingKong","encoding":"utf8","env":"local","level":"INFO","consoleLevel":"INFO","disableConsoleAfterReady":false,"outputJSON":false,"buffer":true,"appLogName":"kingKong-web.log","coreLogName":"egg-web.log","agentLogName":"egg-agent.log","errorLogName":"common-error.log","coreLogger":{"consoleLevel":"WARN"},"allowDebugAtProd":true,"type":"application"}
2017-12-10 19:21:59,473 INFO 14133 [egg-schedule]: register schedule /Users/baixing/Downloads/kingKong/node_modules/egg-logrotator/app/schedule/clean_log.js
2017-12-10 19:21:59,473 INFO 14133 [egg-schedule]: register schedule /Users/baixing/Downloads/kingKong/node_modules/egg-logrotator/app/schedule/rotate_by_file.js
2017-12-10 19:21:59,494 INFO 14133 [egg-mysql] connecting root@127.0.0.1:3306/kingKong
2017-12-10 19:21:59,680 INFO 14133 [egg-static] starting static serve /public/ -> /Users/baixing/Downloads/kingKong/app/public
2017-12-10 19:21:59,683 INFO 14133 [egg-security] use csrf middleware
2017-12-10 19:21:59,685 INFO 14133 [egg-security] use methodnoallow middleware
2017-12-10 19:21:59,686 INFO 14133 [egg-security] use noopen middleware
2017-12-10 19:21:59,687 INFO 14133 [egg-security] use nosniff middleware
2017-12-10 19:21:59,687 INFO 14133 [egg-security] use xssProtection middleware
2017-12-10 19:21:59,688 INFO 14133 [egg-security] use xframe middleware
2017-12-10 19:21:59,689 INFO 14133 [egg-security] use dta middleware
2017-12-10 19:21:59,689 INFO 14133 [egg-security] compose 7 middlewares into one security middleware
2017-12-10 19:21:59,741 INFO 14133 [egg-watcher:app] watcher start success
2017-12-10 19:21:59,745 INFO 14133 [egg-mysql] instance[0] status OK, rds currentTime: Sun Dec 10 2017 19:21:59 GMT+0800 (CST)
2017-12-10 19:35:20,772 INFO 14515 [egg:logger] init all loggers with options: {"dir":"/Users/baixing/Downloads/kingKong/logs/kingKong","encoding":"utf8","env":"local","level":"INFO","consoleLevel":"INFO","disableConsoleAfterReady":false,"outputJSON":false,"buffer":true,"appLogName":"kingKong-web.log","coreLogName":"egg-web.log","agentLogName":"egg-agent.log","errorLogName":"common-error.log","coreLogger":{"consoleLevel":"WARN"},"allowDebugAtProd":true,"type":"application"}
2017-12-10 19:35:20,822 INFO 14515 [egg-schedule]: register schedule /Users/baixing/Downloads/kingKong/node_modules/egg-logrotator/app/schedule/clean_log.js
2017-12-10 19:35:20,822 INFO 14515 [egg-schedule]: register schedule /Users/baixing/Downloads/kingKong/node_modules/egg-logrotator/app/schedule/rotate_by_file.js
2017-12-10 19:35:20,851 INFO 14515 [egg-mysql] connecting root@127.0.0.1:3306/kingKong
2017-12-10 19:35:21,046 INFO 14515 [egg-static] starting static serve /public/ -> /Users/baixing/Downloads/kingKong/app/public
2017-12-10 19:35:21,050 INFO 14515 [egg-security] use csrf middleware
2017-12-10 19:35:21,052 INFO 14515 [egg-security] use methodnoallow middleware
2017-12-10 19:35:21,053 INFO 14515 [egg-security] use noopen middleware
2017-12-10 19:35:21,054 INFO 14515 [egg-security] use nosniff middleware
2017-12-10 19:35:21,055 INFO 14515 [egg-security] use xssProtection middleware
2017-12-10 19:35:21,055 INFO 14515 [egg-security] use xframe middleware
2017-12-10 19:35:21,056 INFO 14515 [egg-security] use dta middleware
2017-12-10 19:35:21,056 INFO 14515 [egg-security] compose 7 middlewares into one security middleware
2017-12-10 19:35:21,114 INFO 14515 [egg-watcher:app] watcher start success
2017-12-10 19:35:21,119 INFO 14515 [egg-mysql] instance[0] status OK, rds currentTime: Sun Dec 10 2017 19:35:21 GMT+0800 (CST)
2017-12-10 19:35:27,540 INFO 14531 [egg:logger] init all loggers with options: {"dir":"/Users/baixing/Downloads/kingKong/logs/kingKong","encoding":"utf8","env":"local","level":"INFO","consoleLevel":"INFO","disableConsoleAfterReady":false,"outputJSON":false,"buffer":true,"appLogName":"kingKong-web.log","coreLogName":"egg-web.log","agentLogName":"egg-agent.log","errorLogName":"common-error.log","coreLogger":{"consoleLevel":"WARN"},"allowDebugAtProd":true,"type":"application"}
2017-12-10 19:35:27,574 INFO 14531 [egg-schedule]: register schedule /Users/baixing/Downloads/kingKong/node_modules/egg-logrotator/app/schedule/clean_log.js
2017-12-10 19:35:27,574 INFO 14531 [egg-schedule]: register schedule /Users/baixing/Downloads/kingKong/node_modules/egg-logrotator/app/schedule/rotate_by_file.js
2017-12-10 19:35:27,587 INFO 14531 [egg-mysql] connecting root@127.0.0.1:3306/kingKong
2017-12-10 19:35:27,691 INFO 14531 [egg-static] starting static serve /public/ -> /Users/baixing/Downloads/kingKong/app/public
2017-12-10 19:35:27,697 INFO 14531 [egg-security] use csrf middleware
2017-12-10 19:35:27,698 INFO 14531 [egg-security] use methodnoallow middleware
2017-12-10 19:35:27,698 INFO 14531 [egg-security] use noopen middleware
2017-12-10 19:35:27,699 INFO 14531 [egg-security] use nosniff middleware
2017-12-10 19:35:27,699 INFO 14531 [egg-security] use xssProtection middleware
2017-12-10 19:35:27,700 INFO 14531 [egg-security] use xframe middleware
2017-12-10 19:35:27,700 INFO 14531 [egg-security] use dta middleware
2017-12-10 19:35:27,700 INFO 14531 [egg-security] compose 7 middlewares into one security middleware
2017-12-10 19:35:27,753 INFO 14531 [egg-watcher:app] watcher start success
2017-12-10 19:35:27,755 INFO 14531 [egg-mysql] instance[0] status OK, rds currentTime: Sun Dec 10 2017 19:35:27 GMT+0800 (CST)
2017-12-10 19:36:56,549 INFO 14561 [egg:logger] init all loggers with options: {"dir":"/Users/baixing/Downloads/kingKong/logs/kingKong","encoding":"utf8","env":"local","level":"INFO","consoleLevel":"INFO","disableConsoleAfterReady":false,"outputJSON":false,"buffer":true,"appLogName":"kingKong-web.log","coreLogName":"egg-web.log","agentLogName":"egg-agent.log","errorLogName":"common-error.log","coreLogger":{"consoleLevel":"WARN"},"allowDebugAtProd":true,"type":"application"}
2017-12-10 19:36:56,591 INFO 14561 [egg-schedule]: register schedule /Users/baixing/Downloads/kingKong/node_modules/egg-logrotator/app/schedule/clean_log.js
2017-12-10 19:36:56,591 INFO 14561 [egg-schedule]: register schedule /Users/baixing/Downloads/kingKong/node_modules/egg-logrotator/app/schedule/rotate_by_file.js
2017-12-10 19:36:56,606 INFO 14561 [egg-mysql] connecting root@127.0.0.1:3306/kingKong
2017-12-10 19:36:56,720 INFO 14561 [egg-static] starting static serve /public/ -> /Users/baixing/Downloads/kingKong/app/public
2017-12-10 19:36:56,723 INFO 14561 [egg-security] use csrf middleware
2017-12-10 19:36:56,724 INFO 14561 [egg-security] use methodnoallow middleware
2017-12-10 19:36:56,724 INFO 14561 [egg-security] use noopen middleware
2017-12-10 19:36:56,725 INFO 14561 [egg-security] use nosniff middleware
2017-12-10 19:36:56,725 INFO 14561 [egg-security] use xssProtection middleware
2017-12-10 19:36:56,725 INFO 14561 [egg-security] use xframe middleware
2017-12-10 19:36:56,726 INFO 14561 [egg-security] use dta middleware
2017-12-10 19:36:56,726 INFO 14561 [egg-security] compose 7 middlewares into one security middleware
2017-12-10 19:36:56,783 INFO 14561 [egg-watcher:app] watcher start success
2017-12-10 19:36:56,785 INFO 14561 [egg-mysql] instance[0] status OK, rds currentTime: Sun Dec 10 2017 19:36:56 GMT+0800 (CST)
2017-12-10 19:37:08,801 INFO 14592 [egg:logger] init all loggers with options: {"dir":"/Users/baixing/Downloads/kingKong/logs/kingKong","encoding":"utf8","env":"local","level":"INFO","consoleLevel":"INFO","disableConsoleAfterReady":false,"outputJSON":false,"buffer":true,"appLogName":"kingKong-web.log","coreLogName":"egg-web.log","agentLogName":"egg-agent.log","errorLogName":"common-error.log","coreLogger":{"consoleLevel":"WARN"},"allowDebugAtProd":true,"type":"application"}
2017-12-10 19:37:08,839 INFO 14592 [egg-schedule]: register schedule /Users/baixing/Downloads/kingKong/node_modules/egg-logrotator/app/schedule/clean_log.js
2017-12-10 19:37:08,839 INFO 14592 [egg-schedule]: register schedule /Users/baixing/Downloads/kingKong/node_modules/egg-logrotator/app/schedule/rotate_by_file.js
2017-12-10 19:37:08,851 INFO 14592 [egg-mysql] connecting root@127.0.0.1:3306/kingKong
2017-12-10 19:37:08,994 INFO 14592 [egg-static] starting static serve /public/ -> /Users/baixing/Downloads/kingKong/app/public
2017-12-10 19:37:08,997 INFO 14592 [egg-security] use csrf middleware
2017-12-10 19:37:08,999 INFO 14592 [egg-security] use methodnoallow middleware
2017-12-10 19:37:08,999 INFO 14592 [egg-security] use noopen middleware
2017-12-10 19:37:09,000 INFO 14592 [egg-security] use nosniff middleware
2017-12-10 19:37:09,001 INFO 14592 [egg-security] use xssProtection middleware
2017-12-10 19:37:09,001 INFO 14592 [egg-security] use xframe middleware
2017-12-10 19:37:09,001 INFO 14592 [egg-security] use dta middleware
2017-12-10 19:37:09,001 INFO 14592 [egg-security] compose 7 middlewares into one security middleware
2017-12-10 19:37:09,056 INFO 14592 [egg-watcher:app] watcher start success
2017-12-10 19:37:09,059 INFO 14592 [egg-mysql] instance[0] status OK, rds currentTime: Sun Dec 10 2017 19:37:09 GMT+0800 (CST)
2017-12-10 19:37:09,611 INFO 14594 [egg:logger] init all loggers with options: {"dir":"/Users/baixing/Downloads/kingKong/logs/kingKong","encoding":"utf8","env":"local","level":"INFO","consoleLevel":"INFO","disableConsoleAfterReady":false,"outputJSON":false,"buffer":true,"appLogName":"kingKong-web.log","coreLogName":"egg-web.log","agentLogName":"egg-agent.log","errorLogName":"common-error.log","coreLogger":{"consoleLevel":"WARN"},"allowDebugAtProd":true,"type":"application"}
2017-12-10 19:37:09,647 INFO 14594 [egg-schedule]: register schedule /Users/baixing/Downloads/kingKong/node_modules/egg-logrotator/app/schedule/clean_log.js
2017-12-10 19:37:09,647 INFO 14594 [egg-schedule]: register schedule /Users/baixing/Downloads/kingKong/node_modules/egg-logrotator/app/schedule/rotate_by_file.js
2017-12-10 19:37:09,659 INFO 14594 [egg-mysql] connecting root@127.0.0.1:3306/kingKong
2017-12-10 19:37:09,769 INFO 14594 [egg-static] starting static serve /public/ -> /Users/baixing/Downloads/kingKong/app/public
2017-12-10 19:37:09,772 INFO 14594 [egg-security] use csrf middleware
2017-12-10 19:37:09,773 INFO 14594 [egg-security] use methodnoallow middleware
2017-12-10 19:37:09,773 INFO 14594 [egg-security] use noopen middleware
2017-12-10 19:37:09,774 INFO 14594 [egg-security] use nosniff middleware
2017-12-10 19:37:09,774 INFO 14594 [egg-security] use xssProtection middleware
2017-12-10 19:37:09,774 INFO 14594 [egg-security] use xframe middleware
2017-12-10 19:37:09,775 INFO 14594 [egg-security] use dta middleware
2017-12-10 19:37:09,775 INFO 14594 [egg-security] compose 7 middlewares into one security middleware
2017-12-10 19:37:09,835 INFO 14594 [egg-watcher:app] watcher start success
2017-12-10 19:37:09,837 INFO 14594 [egg-mysql] instance[0] status OK, rds currentTime: Sun Dec 10 2017 19:37:09 GMT+0800 (CST)
2017-12-10 19:37:10,404 INFO 14595 [egg:logger] init all loggers with options: {"dir":"/Users/baixing/Downloads/kingKong/logs/kingKong","encoding":"utf8","env":"local","level":"INFO","consoleLevel":"INFO","disableConsoleAfterReady":false,"outputJSON":false,"buffer":true,"appLogName":"kingKong-web.log","coreLogName":"egg-web.log","agentLogName":"egg-agent.log","errorLogName":"common-error.log","coreLogger":{"consoleLevel":"WARN"},"allowDebugAtProd":true,"type":"application"}
2017-12-10 19:37:10,444 INFO 14595 [egg-schedule]: register schedule /Users/baixing/Downloads/kingKong/node_modules/egg-logrotator/app/schedule/clean_log.js
2017-12-10 19:37:10,444 INFO 14595 [egg-schedule]: register schedule /Users/baixing/Downloads/kingKong/node_modules/egg-logrotator/app/schedule/rotate_by_file.js
2017-12-10 19:37:10,456 INFO 14595 [egg-mysql] connecting root@127.0.0.1:3306/kingKong
2017-12-10 19:37:10,567 INFO 14595 [egg-static] starting static serve /public/ -> /Users/baixing/Downloads/kingKong/app/public
2017-12-10 19:37:10,570 INFO 14595 [egg-security] use csrf middleware
2017-12-10 19:37:10,572 INFO 14595 [egg-security] use methodnoallow middleware
2017-12-10 19:37:10,573 INFO 14595 [egg-security] use noopen middleware
2017-12-10 19:37:10,573 INFO 14595 [egg-security] use nosniff middleware
2017-12-10 19:37:10,574 INFO 14595 [egg-security] use xssProtection middleware
2017-12-10 19:37:10,575 INFO 14595 [egg-security] use xframe middleware
2017-12-10 19:37:10,575 INFO 14595 [egg-security] use dta middleware
2017-12-10 19:37:10,575 INFO 14595 [egg-security] compose 7 middlewares into one security middleware
2017-12-10 19:37:10,626 INFO 14595 [egg-watcher:app] watcher start success
2017-12-10 19:37:10,629 INFO 14595 [egg-mysql] instance[0] status OK, rds currentTime: Sun Dec 10 2017 19:37:10 GMT+0800 (CST)
2017-12-10 19:46:01,559 INFO 14812 [egg:logger] init all loggers with options: {"dir":"/Users/baixing/Downloads/kingKong/logs/kingKong","encoding":"utf8","env":"local","level":"INFO","consoleLevel":"INFO","disableConsoleAfterReady":false,"outputJSON":false,"buffer":true,"appLogName":"kingKong-web.log","coreLogName":"egg-web.log","agentLogName":"egg-agent.log","errorLogName":"common-error.log","coreLogger":{"consoleLevel":"WARN"},"allowDebugAtProd":true,"type":"application"}
2017-12-10 19:46:01,609 INFO 14812 [egg-schedule]: register schedule /Users/baixing/Downloads/kingKong/node_modules/egg-logrotator/app/schedule/clean_log.js
2017-12-10 19:46:01,609 INFO 14812 [egg-schedule]: register schedule /Users/baixing/Downloads/kingKong/node_modules/egg-logrotator/app/schedule/rotate_by_file.js
2017-12-10 19:46:01,629 INFO 14812 [egg-mysql] connecting root@127.0.0.1:3306/kingKong
2017-12-10 19:46:01,800 INFO 14812 [egg-static] starting static serve /public/ -> /Users/baixing/Downloads/kingKong/app/public
2017-12-10 19:46:01,805 INFO 14812 [egg-security] use csrf middleware
2017-12-10 19:46:01,807 INFO 14812 [egg-security] use methodnoallow middleware
2017-12-10 19:46:01,807 INFO 14812 [egg-security] use noopen middleware
2017-12-10 19:46:01,808 INFO 14812 [egg-security] use nosniff middleware
2017-12-10 19:46:01,809 INFO 14812 [egg-security] use xssProtection middleware
2017-12-10 19:46:01,810 INFO 14812 [egg-security] use xframe middleware
2017-12-10 19:46:01,810 INFO 14812 [egg-security] use dta middleware
2017-12-10 19:46:01,810 INFO 14812 [egg-security] compose 7 middlewares into one security middleware
2017-12-10 19:46:01,871 INFO 14812 [egg-watcher:app] watcher start success
2017-12-10 19:46:01,874 INFO 14812 [egg-mysql] instance[0] status OK, rds currentTime: Sun Dec 10 2017 19:46:01 GMT+0800 (CST)
2017-12-10 19:46:03,318 INFO 14820 [egg:logger] init all loggers with options: {"dir":"/Users/baixing/Downloads/kingKong/logs/kingKong","encoding":"utf8","env":"local","level":"INFO","consoleLevel":"INFO","disableConsoleAfterReady":false,"outputJSON":false,"buffer":true,"appLogName":"kingKong-web.log","coreLogName":"egg-web.log","agentLogName":"egg-agent.log","errorLogName":"common-error.log","coreLogger":{"consoleLevel":"WARN"},"allowDebugAtProd":true,"type":"application"}
2017-12-10 19:46:03,364 INFO 14820 [egg-schedule]: register schedule /Users/baixing/Downloads/kingKong/node_modules/egg-logrotator/app/schedule/clean_log.js
2017-12-10 19:46:03,364 INFO 14820 [egg-schedule]: register schedule /Users/baixing/Downloads/kingKong/node_modules/egg-logrotator/app/schedule/rotate_by_file.js
2017-12-10 19:46:03,382 INFO 14820 [egg-mysql] connecting root@127.0.0.1:3306/kingKong
2017-12-10 19:46:03,525 INFO 14820 [egg-static] starting static serve /public/ -> /Users/baixing/Downloads/kingKong/app/public
2017-12-10 19:46:03,531 INFO 14820 [egg-security] use csrf middleware
2017-12-10 19:46:03,532 INFO 14820 [egg-security] use methodnoallow middleware
2017-12-10 19:46:03,532 INFO 14820 [egg-security] use noopen middleware
2017-12-10 19:46:03,533 INFO 14820 [egg-security] use nosniff middleware
2017-12-10 19:46:03,534 INFO 14820 [egg-security] use xssProtection middleware
2017-12-10 19:46:03,534 INFO 14820 [egg-security] use xframe middleware
2017-12-10 19:46:03,534 INFO 14820 [egg-security] use dta middleware
2017-12-10 19:46:03,534 INFO 14820 [egg-security] compose 7 middlewares into one security middleware
2017-12-10 19:46:03,591 INFO 14820 [egg-watcher:app] watcher start success
2017-12-10 19:46:03,594 INFO 14820 [egg-mysql] instance[0] status OK, rds currentTime: Sun Dec 10 2017 19:46:03 GMT+0800 (CST)
2017-12-10 19:46:19,205 INFO 14846 [egg:logger] init all loggers with options: {"dir":"/Users/baixing/Downloads/kingKong/logs/kingKong","encoding":"utf8","env":"local","level":"INFO","consoleLevel":"INFO","disableConsoleAfterReady":false,"outputJSON":false,"buffer":true,"appLogName":"kingKong-web.log","coreLogName":"egg-web.log","agentLogName":"egg-agent.log","errorLogName":"common-error.log","coreLogger":{"consoleLevel":"WARN"},"allowDebugAtProd":true,"type":"application"}
2017-12-10 19:46:19,240 INFO 14846 [egg-schedule]: register schedule /Users/baixing/Downloads/kingKong/node_modules/egg-logrotator/app/schedule/clean_log.js
2017-12-10 19:46:19,240 INFO 14846 [egg-schedule]: register schedule /Users/baixing/Downloads/kingKong/node_modules/egg-logrotator/app/schedule/rotate_by_file.js
2017-12-10 19:46:19,251 INFO 14846 [egg-mysql] connecting root@127.0.0.1:3306/kingKong
2017-12-10 19:46:19,359 INFO 14846 [egg-static] starting static serve /public/ -> /Users/baixing/Downloads/kingKong/app/public
2017-12-10 19:46:19,363 INFO 14846 [egg-security] use csrf middleware
2017-12-10 19:46:19,364 INFO 14846 [egg-security] use methodnoallow middleware
2017-12-10 19:46:19,364 INFO 14846 [egg-security] use noopen middleware
2017-12-10 19:46:19,364 INFO 14846 [egg-security] use nosniff middleware
2017-12-10 19:46:19,365 INFO 14846 [egg-security] use xssProtection middleware
2017-12-10 19:46:19,365 INFO 14846 [egg-security] use xframe middleware
2017-12-10 19:46:19,366 INFO 14846 [egg-security] use dta middleware
2017-12-10 19:46:19,366 INFO 14846 [egg-security] compose 7 middlewares into one security middleware
2017-12-10 19:46:19,420 INFO 14846 [egg-watcher:app] watcher start success
2017-12-10 19:46:19,423 INFO 14846 [egg-mysql] instance[0] status OK, rds currentTime: Sun Dec 10 2017 19:46:19 GMT+0800 (CST)
2017-12-10 19:46:45,965 INFO 14863 [egg:logger] init all loggers with options: {"dir":"/Users/baixing/Downloads/kingKong/logs/kingKong","encoding":"utf8","env":"local","level":"INFO","consoleLevel":"INFO","disableConsoleAfterReady":false,"outputJSON":false,"buffer":true,"appLogName":"kingKong-web.log","coreLogName":"egg-web.log","agentLogName":"egg-agent.log","errorLogName":"common-error.log","coreLogger":{"consoleLevel":"WARN"},"allowDebugAtProd":true,"type":"application"}
2017-12-10 19:46:46,001 INFO 14863 [egg-schedule]: register schedule /Users/baixing/Downloads/kingKong/node_modules/egg-logrotator/app/schedule/clean_log.js
2017-12-10 19:46:46,001 INFO 14863 [egg-schedule]: register schedule /Users/baixing/Downloads/kingKong/node_modules/egg-logrotator/app/schedule/rotate_by_file.js
2017-12-10 19:46:46,012 INFO 14863 [egg-mysql] connecting root@127.0.0.1:3306/kingKong
2017-12-10 19:46:46,266 INFO 14863 [egg-static] starting static serve /public/ -> /Users/baixing/Downloads/kingKong/app/public
2017-12-10 19:46:46,272 INFO 14863 [egg-security] use csrf middleware
2017-12-10 19:46:46,274 INFO 14863 [egg-security] use methodnoallow middleware
2017-12-10 19:46:46,274 INFO 14863 [egg-security] use noopen middleware
2017-12-10 19:46:46,275 INFO 14863 [egg-security] use nosniff middleware
2017-12-10 19:46:46,276 INFO 14863 [egg-security] use xssProtection middleware
2017-12-10 19:46:46,277 INFO 14863 [egg-security] use xframe middleware
2017-12-10 19:46:46,278 INFO 14863 [egg-security] use dta middleware
2017-12-10 19:46:46,278 INFO 14863 [egg-security] compose 7 middlewares into one security middleware
2017-12-10 19:46:46,369 INFO 14863 [egg-watcher:app] watcher start success
2017-12-10 19:46:46,372 INFO 14863 [egg-mysql] instance[0] status OK, rds currentTime: Sun Dec 10 2017 19:46:46 GMT+0800 (CST)
2017-12-10 19:46:59,124 INFO 14875 [egg:logger] init all loggers with options: {"dir":"/Users/baixing/Downloads/kingKong/logs/kingKong","encoding":"utf8","env":"local","level":"INFO","consoleLevel":"INFO","disableConsoleAfterReady":false,"outputJSON":false,"buffer":true,"appLogName":"kingKong-web.log","coreLogName":"egg-web.log","agentLogName":"egg-agent.log","errorLogName":"common-error.log","coreLogger":{"consoleLevel":"WARN"},"allowDebugAtProd":true,"type":"application"}
2017-12-10 19:46:59,161 INFO 14875 [egg-schedule]: register schedule /Users/baixing/Downloads/kingKong/node_modules/egg-logrotator/app/schedule/clean_log.js
2017-12-10 19:46:59,161 INFO 14875 [egg-schedule]: register schedule /Users/baixing/Downloads/kingKong/node_modules/egg-logrotator/app/schedule/rotate_by_file.js
2017-12-10 19:46:59,172 INFO 14875 [egg-mysql] connecting root@127.0.0.1:3306/kingKong
2017-12-10 19:46:59,284 INFO 14875 [egg-static] starting static serve /public/ -> /Users/baixing/Downloads/kingKong/app/public
2017-12-10 19:46:59,289 INFO 14875 [egg-security] use csrf middleware
2017-12-10 19:46:59,289 INFO 14875 [egg-security] use methodnoallow middleware
2017-12-10 19:46:59,290 INFO 14875 [egg-security] use noopen middleware
2017-12-10 19:46:59,290 INFO 14875 [egg-security] use nosniff middleware
2017-12-10 19:46:59,290 INFO 14875 [egg-security] use xssProtection middleware
2017-12-10 19:46:59,291 INFO 14875 [egg-security] use xframe middleware
2017-12-10 19:46:59,291 INFO 14875 [egg-security] use dta middleware
2017-12-10 19:46:59,291 INFO 14875 [egg-security] compose 7 middlewares into one security middleware
2017-12-10 19:46:59,354 INFO 14875 [egg-watcher:app] watcher start success
2017-12-10 19:46:59,357 INFO 14875 [egg-mysql] instance[0] status OK, rds currentTime: Sun Dec 10 2017 19:46:59 GMT+0800 (CST)
2017-12-10 20:17:37,197 INFO 15588 [egg:logger] init all loggers with options: {"dir":"/Users/baixing/Downloads/kingKong/logs/kingKong","encoding":"utf8","env":"local","level":"INFO","consoleLevel":"INFO","disableConsoleAfterReady":false,"outputJSON":false,"buffer":true,"appLogName":"kingKong-web.log","coreLogName":"egg-web.log","agentLogName":"egg-agent.log","errorLogName":"common-error.log","coreLogger":{"consoleLevel":"WARN"},"allowDebugAtProd":true,"type":"application"}
2017-12-10 20:17:37,249 INFO 15588 [egg-schedule]: register schedule /Users/baixing/Downloads/kingKong/node_modules/egg-logrotator/app/schedule/clean_log.js
2017-12-10 20:17:37,249 INFO 15588 [egg-schedule]: register schedule /Users/baixing/Downloads/kingKong/node_modules/egg-logrotator/app/schedule/rotate_by_file.js
2017-12-10 20:17:37,274 INFO 15588 [egg-mysql] connecting root@127.0.0.1:3306/kingKong
2017-12-10 20:17:37,451 INFO 15588 [egg-static] starting static serve /public/ -> /Users/baixing/Downloads/kingKong/app/public
2017-12-10 20:17:37,456 INFO 15588 [egg-security] use csrf middleware
2017-12-10 20:17:37,457 INFO 15588 [egg-security] use methodnoallow middleware
2017-12-10 20:17:37,458 INFO 15588 [egg-security] use noopen middleware
2017-12-10 20:17:37,459 INFO 15588 [egg-security] use nosniff middleware
2017-12-10 20:17:37,460 INFO 15588 [egg-security] use xssProtection middleware
2017-12-10 20:17:37,461 INFO 15588 [egg-security] use xframe middleware
2017-12-10 20:17:37,462 INFO 15588 [egg-security] use dta middleware
2017-12-10 20:17:37,462 INFO 15588 [egg-security] compose 7 middlewares into one security middleware
2017-12-10 20:17:37,522 INFO 15588 [egg-watcher:app] watcher start success
2017-12-10 20:17:37,526 INFO 15588 [egg-mysql] instance[0] status OK, rds currentTime: Sun Dec 10 2017 20:17:37 GMT+0800 (CST)
2017-12-10 20:23:22,453 INFO 15724 [egg:logger] init all loggers with options: {"dir":"/Users/baixing/Downloads/kingKong/logs/kingKong","encoding":"utf8","env":"local","level":"INFO","consoleLevel":"INFO","disableConsoleAfterReady":false,"outputJSON":false,"buffer":true,"appLogName":"kingKong-web.log","coreLogName":"egg-web.log","agentLogName":"egg-agent.log","errorLogName":"common-error.log","coreLogger":{"consoleLevel":"WARN"},"allowDebugAtProd":true,"type":"application"}
2017-12-10 20:23:22,493 INFO 15724 [egg-schedule]: register schedule /Users/baixing/Downloads/kingKong/node_modules/egg-logrotator/app/schedule/clean_log.js
2017-12-10 20:23:22,493 INFO 15724 [egg-schedule]: register schedule /Users/baixing/Downloads/kingKong/node_modules/egg-logrotator/app/schedule/rotate_by_file.js
2017-12-10 20:23:22,507 INFO 15724 [egg-mysql] connecting root@127.0.0.1:3306/kingKong
2017-12-10 20:23:22,621 INFO 15724 [egg-static] starting static serve /public/ -> /Users/baixing/Downloads/kingKong/app/public
2017-12-10 20:23:22,624 INFO 15724 [egg-security] use csrf middleware
2017-12-10 20:23:22,625 INFO 15724 [egg-security] use methodnoallow middleware
2017-12-10 20:23:22,626 INFO 15724 [egg-security] use noopen middleware
2017-12-10 20:23:22,626 INFO 15724 [egg-security] use nosniff middleware
2017-12-10 20:23:22,627 INFO 15724 [egg-security] use xssProtection middleware
2017-12-10 20:23:22,627 INFO 15724 [egg-security] use xframe middleware
2017-12-10 20:23:22,627 INFO 15724 [egg-security] use dta middleware
2017-12-10 20:23:22,627 INFO 15724 [egg-security] compose 7 middlewares into one security middleware
2017-12-10 20:23:22,692 INFO 15724 [egg-watcher:app] watcher start success
2017-12-10 20:23:22,696 INFO 15724 [egg-mysql] instance[0] status OK, rds currentTime: Sun Dec 10 2017 20:23:22 GMT+0800 (CST)
2017-12-10 20:23:27,576 INFO 15733 [egg:logger] init all loggers with options: {"dir":"/Users/baixing/Downloads/kingKong/logs/kingKong","encoding":"utf8","env":"local","level":"INFO","consoleLevel":"INFO","disableConsoleAfterReady":false,"outputJSON":false,"buffer":true,"appLogName":"kingKong-web.log","coreLogName":"egg-web.log","agentLogName":"egg-agent.log","errorLogName":"common-error.log","coreLogger":{"consoleLevel":"WARN"},"allowDebugAtProd":true,"type":"application"}
2017-12-10 20:23:27,614 INFO 15733 [egg-schedule]: register schedule /Users/baixing/Downloads/kingKong/node_modules/egg-logrotator/app/schedule/clean_log.js
2017-12-10 20:23:27,614 INFO 15733 [egg-schedule]: register schedule /Users/baixing/Downloads/kingKong/node_modules/egg-logrotator/app/schedule/rotate_by_file.js
2017-12-10 20:23:27,627 INFO 15733 [egg-mysql] connecting root@127.0.0.1:3306/kingKong
2017-12-10 20:23:27,729 INFO 15733 [egg-static] starting static serve /public/ -> /Users/baixing/Downloads/kingKong/app/public
2017-12-10 20:23:27,732 INFO 15733 [egg-security] use csrf middleware
2017-12-10 20:23:27,733 INFO 15733 [egg-security] use methodnoallow middleware
2017-12-10 20:23:27,733 INFO 15733 [egg-security] use noopen middleware
2017-12-10 20:23:27,734 INFO 15733 [egg-security] use nosniff middleware
2017-12-10 20:23:27,734 INFO 15733 [egg-security] use xssProtection middleware
2017-12-10 20:23:27,734 INFO 15733 [egg-security] use xframe middleware
2017-12-10 20:23:27,735 INFO 15733 [egg-security] use dta middleware
2017-12-10 20:23:27,735 INFO 15733 [egg-security] compose 7 middlewares into one security middleware
2017-12-10 20:23:27,791 INFO 15733 [egg-watcher:app] watcher start success
2017-12-10 20:23:27,794 INFO 15733 [egg-mysql] instance[0] status OK, rds currentTime: Sun Dec 10 2017 20:23:27 GMT+0800 (CST)
2017-12-10 20:24:03,092 INFO 15747 [egg:logger] init all loggers with options: {"dir":"/Users/baixing/Downloads/kingKong/logs/kingKong","encoding":"utf8","env":"local","level":"INFO","consoleLevel":"INFO","disableConsoleAfterReady":false,"outputJSON":false,"buffer":true,"appLogName":"kingKong-web.log","coreLogName":"egg-web.log","agentLogName":"egg-agent.log","errorLogName":"common-error.log","coreLogger":{"consoleLevel":"WARN"},"allowDebugAtProd":true,"type":"application"}
2017-12-10 20:24:03,129 INFO 15747 [egg-schedule]: register schedule /Users/baixing/Downloads/kingKong/node_modules/egg-logrotator/app/schedule/clean_log.js
2017-12-10 20:24:03,129 INFO 15747 [egg-schedule]: register schedule /Users/baixing/Downloads/kingKong/node_modules/egg-logrotator/app/schedule/rotate_by_file.js
2017-12-10 20:24:03,141 INFO 15747 [egg-mysql] connecting root@127.0.0.1:3306/kingKong
2017-12-10 20:24:03,257 INFO 15747 [egg-static] starting static serve /public/ -> /Users/baixing/Downloads/kingKong/app/public
2017-12-10 20:24:03,261 INFO 15747 [egg-security] use csrf middleware
2017-12-10 20:24:03,261 INFO 15747 [egg-security] use methodnoallow middleware
2017-12-10 20:24:03,262 INFO 15747 [egg-security] use noopen middleware
2017-12-10 20:24:03,262 INFO 15747 [egg-security] use nosniff middleware
2017-12-10 20:24:03,262 INFO 15747 [egg-security] use xssProtection middleware
2017-12-10 20:24:03,263 INFO 15747 [egg-security] use xframe middleware
2017-12-10 20:24:03,263 INFO 15747 [egg-security] use dta middleware
2017-12-10 20:24:03,263 INFO 15747 [egg-security] compose 7 middlewares into one security middleware
2017-12-10 20:24:03,318 INFO 15747 [egg-watcher:app] watcher start success
2017-12-10 20:24:03,321 INFO 15747 [egg-mysql] instance[0] status OK, rds currentTime: Sun Dec 10 2017 20:24:03 GMT+0800 (CST)
2017-12-10 20:24:05,780 INFO 15756 [egg:logger] init all loggers with options: {"dir":"/Users/baixing/Downloads/kingKong/logs/kingKong","encoding":"utf8","env":"local","level":"INFO","consoleLevel":"INFO","disableConsoleAfterReady":false,"outputJSON":false,"buffer":true,"appLogName":"kingKong-web.log","coreLogName":"egg-web.log","agentLogName":"egg-agent.log","errorLogName":"common-error.log","coreLogger":{"consoleLevel":"WARN"},"allowDebugAtProd":true,"type":"application"}
2017-12-10 20:24:05,818 INFO 15756 [egg-schedule]: register schedule /Users/baixing/Downloads/kingKong/node_modules/egg-logrotator/app/schedule/clean_log.js
2017-12-10 20:24:05,818 INFO 15756 [egg-schedule]: register schedule /Users/baixing/Downloads/kingKong/node_modules/egg-logrotator/app/schedule/rotate_by_file.js
2017-12-10 20:24:05,829 INFO 15756 [egg-mysql] connecting root@127.0.0.1:3306/kingKong
2017-12-10 20:24:05,937 INFO 15756 [egg-static] starting static serve /public/ -> /Users/baixing/Downloads/kingKong/app/public
2017-12-10 20:24:05,940 INFO 15756 [egg-security] use csrf middleware
2017-12-10 20:24:05,941 INFO 15756 [egg-security] use methodnoallow middleware
2017-12-10 20:24:05,941 INFO 15756 [egg-security] use noopen middleware
2017-12-10 20:24:05,942 INFO 15756 [egg-security] use nosniff middleware
2017-12-10 20:24:05,942 INFO 15756 [egg-security] use xssProtection middleware
2017-12-10 20:24:05,943 INFO 15756 [egg-security] use xframe middleware
2017-12-10 20:24:05,943 INFO 15756 [egg-security] use dta middleware
2017-12-10 20:24:05,943 INFO 15756 [egg-security] compose 7 middlewares into one security middleware
2017-12-10 20:24:05,998 INFO 15756 [egg-watcher:app] watcher start success
2017-12-10 20:24:06,001 INFO 15756 [egg-mysql] instance[0] status OK, rds currentTime: Sun Dec 10 2017 20:24:05 GMT+0800 (CST)
2017-12-10 20:24:17,457 INFO 15766 [egg:logger] init all loggers with options: {"dir":"/Users/baixing/Downloads/kingKong/logs/kingKong","encoding":"utf8","env":"local","level":"INFO","consoleLevel":"INFO","disableConsoleAfterReady":false,"outputJSON":false,"buffer":true,"appLogName":"kingKong-web.log","coreLogName":"egg-web.log","agentLogName":"egg-agent.log","errorLogName":"common-error.log","coreLogger":{"consoleLevel":"WARN"},"allowDebugAtProd":true,"type":"application"}
2017-12-10 20:24:17,500 INFO 15766 [egg-schedule]: register schedule /Users/baixing/Downloads/kingKong/node_modules/egg-logrotator/app/schedule/clean_log.js
2017-12-10 20:24:17,500 INFO 15766 [egg-schedule]: register schedule /Users/baixing/Downloads/kingKong/node_modules/egg-logrotator/app/schedule/rotate_by_file.js
2017-12-10 20:24:17,515 INFO 15766 [egg-mysql] connecting root@127.0.0.1:3306/kingKong
2017-12-10 20:24:17,646 INFO 15766 [egg-static] starting static serve /public/ -> /Users/baixing/Downloads/kingKong/app/public
2017-12-10 20:24:17,650 INFO 15766 [egg-security] use csrf middleware
2017-12-10 20:24:17,651 INFO 15766 [egg-security] use methodnoallow middleware
2017-12-10 20:24:17,651 INFO 15766 [egg-security] use noopen middleware
2017-12-10 20:24:17,651 INFO 15766 [egg-security] use nosniff middleware
2017-12-10 20:24:17,652 INFO 15766 [egg-security] use xssProtection middleware
2017-12-10 20:24:17,652 INFO 15766 [egg-security] use xframe middleware
2017-12-10 20:24:17,653 INFO 15766 [egg-security] use dta middleware
2017-12-10 20:24:17,653 INFO 15766 [egg-security] compose 7 middlewares into one security middleware
2017-12-10 20:24:17,711 INFO 15766 [egg-watcher:app] watcher start success
2017-12-10 20:24:17,714 INFO 15766 [egg-mysql] instance[0] status OK, rds currentTime: Sun Dec 10 2017 20:24:17 GMT+0800 (CST)
2017-12-10 20:25:39,395 INFO 15811 [egg:logger] init all loggers with options: {"dir":"/Users/baixing/Downloads/kingKong/logs/kingKong","encoding":"utf8","env":"local","level":"INFO","consoleLevel":"INFO","disableConsoleAfterReady":false,"outputJSON":false,"buffer":true,"appLogName":"kingKong-web.log","coreLogName":"egg-web.log","agentLogName":"egg-agent.log","errorLogName":"common-error.log","coreLogger":{"consoleLevel":"WARN"},"allowDebugAtProd":true,"type":"application"}
2017-12-10 20:25:39,426 INFO 15811 [egg-schedule]: register schedule /Users/baixing/Downloads/kingKong/node_modules/egg-logrotator/app/schedule/clean_log.js
2017-12-10 20:25:39,426 INFO 15811 [egg-schedule]: register schedule /Users/baixing/Downloads/kingKong/node_modules/egg-logrotator/app/schedule/rotate_by_file.js
2017-12-10 20:25:39,437 INFO 15811 [egg-mysql] connecting root@127.0.0.1:3306/kingKong
2017-12-10 20:25:39,551 INFO 15811 [egg-static] starting static serve /public/ -> /Users/baixing/Downloads/kingKong/app/public
2017-12-10 20:25:39,555 INFO 15811 [egg-security] use csrf middleware
2017-12-10 20:25:39,556 INFO 15811 [egg-security] use methodnoallow middleware
2017-12-10 20:25:39,556 INFO 15811 [egg-security] use noopen middleware
2017-12-10 20:25:39,556 INFO 15811 [egg-security] use nosniff middleware
2017-12-10 20:25:39,557 INFO 15811 [egg-security] use xssProtection middleware
2017-12-10 20:25:39,557 INFO 15811 [egg-security] use xframe middleware
2017-12-10 20:25:39,557 INFO 15811 [egg-security] use dta middleware
2017-12-10 20:25:39,557 INFO 15811 [egg-security] compose 7 middlewares into one security middleware
2017-12-10 20:25:39,618 INFO 15811 [egg-watcher:app] watcher start success
2017-12-10 20:25:39,621 INFO 15811 [egg-mysql] instance[0] status OK, rds currentTime: Sun Dec 10 2017 20:25:39 GMT+0800 (CST)
2017-12-10 20:25:45,887 INFO 15827 [egg:logger] init all loggers with options: {"dir":"/Users/baixing/Downloads/kingKong/logs/kingKong","encoding":"utf8","env":"local","level":"INFO","consoleLevel":"INFO","disableConsoleAfterReady":false,"outputJSON":false,"buffer":true,"appLogName":"kingKong-web.log","coreLogName":"egg-web.log","agentLogName":"egg-agent.log","errorLogName":"common-error.log","coreLogger":{"consoleLevel":"WARN"},"allowDebugAtProd":true,"type":"application"}
2017-12-10 20:25:45,923 INFO 15827 [egg-schedule]: register schedule /Users/baixing/Downloads/kingKong/node_modules/egg-logrotator/app/schedule/clean_log.js
2017-12-10 20:25:45,923 INFO 15827 [egg-schedule]: register schedule /Users/baixing/Downloads/kingKong/node_modules/egg-logrotator/app/schedule/rotate_by_file.js
2017-12-10 20:25:45,935 INFO 15827 [egg-mysql] connecting root@127.0.0.1:3306/kingKong
2017-12-10 20:25:46,045 INFO 15827 [egg-static] starting static serve /public/ -> /Users/baixing/Downloads/kingKong/app/public
2017-12-10 20:25:46,048 INFO 15827 [egg-security] use csrf middleware
2017-12-10 20:25:46,049 INFO 15827 [egg-security] use methodnoallow middleware
2017-12-10 20:25:46,050 INFO 15827 [egg-security] use noopen middleware
2017-12-10 20:25:46,050 INFO 15827 [egg-security] use nosniff middleware
2017-12-10 20:25:46,050 INFO 15827 [egg-security] use xssProtection middleware
2017-12-10 20:25:46,051 INFO 15827 [egg-security] use xframe middleware
2017-12-10 20:25:46,052 INFO 15827 [egg-security] use dta middleware
2017-12-10 20:25:46,052 INFO 15827 [egg-security] compose 7 middlewares into one security middleware
2017-12-10 20:25:46,106 INFO 15827 [egg-watcher:app] watcher start success
2017-12-10 20:25:46,109 INFO 15827 [egg-mysql] instance[0] status OK, rds currentTime: Sun Dec 10 2017 20:25:46 GMT+0800 (CST)
2017-12-10 20:25:46,668 INFO 15828 [egg:logger] init all loggers with options: {"dir":"/Users/baixing/Downloads/kingKong/logs/kingKong","encoding":"utf8","env":"local","level":"INFO","consoleLevel":"INFO","disableConsoleAfterReady":false,"outputJSON":false,"buffer":true,"appLogName":"kingKong-web.log","coreLogName":"egg-web.log","agentLogName":"egg-agent.log","errorLogName":"common-error.log","coreLogger":{"consoleLevel":"WARN"},"allowDebugAtProd":true,"type":"application"}
2017-12-10 20:25:46,703 INFO 15828 [egg-schedule]: register schedule /Users/baixing/Downloads/kingKong/node_modules/egg-logrotator/app/schedule/clean_log.js
2017-12-10 20:25:46,703 INFO 15828 [egg-schedule]: register schedule /Users/baixing/Downloads/kingKong/node_modules/egg-logrotator/app/schedule/rotate_by_file.js
2017-12-10 20:25:46,713 INFO 15828 [egg-mysql] connecting root@127.0.0.1:3306/kingKong
2017-12-10 20:25:46,820 INFO 15828 [egg-static] starting static serve /public/ -> /Users/baixing/Downloads/kingKong/app/public
2017-12-10 20:25:46,824 INFO 15828 [egg-security] use csrf middleware
2017-12-10 20:25:46,825 INFO 15828 [egg-security] use methodnoallow middleware
2017-12-10 20:25:46,826 INFO 15828 [egg-security] use noopen middleware
2017-12-10 20:25:46,827 INFO 15828 [egg-security] use nosniff middleware
2017-12-10 20:25:46,827 INFO 15828 [egg-security] use xssProtection middleware
2017-12-10 20:25:46,828 INFO 15828 [egg-security] use xframe middleware
2017-12-10 20:25:46,829 INFO 15828 [egg-security] use dta middleware
2017-12-10 20:25:46,829 INFO 15828 [egg-security] compose 7 middlewares into one security middleware
2017-12-10 20:25:46,893 INFO 15828 [egg-watcher:app] watcher start success
2017-12-10 20:25:46,895 INFO 15828 [egg-mysql] instance[0] status OK, rds currentTime: Sun Dec 10 2017 20:25:46 GMT+0800 (CST)
2017-12-10 20:26:32,397 INFO 15847 [egg:logger] init all loggers with options: {"dir":"/Users/baixing/Downloads/kingKong/logs/kingKong","encoding":"utf8","env":"local","level":"INFO","consoleLevel":"INFO","disableConsoleAfterReady":false,"outputJSON":false,"buffer":true,"appLogName":"kingKong-web.log","coreLogName":"egg-web.log","agentLogName":"egg-agent.log","errorLogName":"common-error.log","coreLogger":{"consoleLevel":"WARN"},"allowDebugAtProd":true,"type":"application"}
2017-12-10 20:26:32,450 INFO 15847 [egg-schedule]: register schedule /Users/baixing/Downloads/kingKong/node_modules/egg-logrotator/app/schedule/clean_log.js
2017-12-10 20:26:32,450 INFO 15847 [egg-schedule]: register schedule /Users/baixing/Downloads/kingKong/node_modules/egg-logrotator/app/schedule/rotate_by_file.js
2017-12-10 20:26:32,476 INFO 15847 [egg-mysql] connecting root@127.0.0.1:3306/kingKong
2017-12-10 20:26:32,611 INFO 15847 [egg-static] starting static serve /public/ -> /Users/baixing/Downloads/kingKong/app/public
2017-12-10 20:26:32,614 INFO 15847 [egg-security] use csrf middleware
2017-12-10 20:26:32,615 INFO 15847 [egg-security] use methodnoallow middleware
2017-12-10 20:26:32,616 INFO 15847 [egg-security] use noopen middleware
2017-12-10 20:26:32,616 INFO 15847 [egg-security] use nosniff middleware
2017-12-10 20:26:32,617 INFO 15847 [egg-security] use xssProtection middleware
2017-12-10 20:26:32,617 INFO 15847 [egg-security] use xframe middleware
2017-12-10 20:26:32,618 INFO 15847 [egg-security] use dta middleware
2017-12-10 20:26:32,618 INFO 15847 [egg-security] compose 7 middlewares into one security middleware
2017-12-10 20:26:32,686 INFO 15847 [egg-watcher:app] watcher start success
2017-12-10 20:26:32,689 INFO 15847 [egg-mysql] instance[0] status OK, rds currentTime: Sun Dec 10 2017 20:26:32 GMT+0800 (CST)
2017-12-10 20:26:41,454 INFO 15857 [egg:logger] init all loggers with options: {"dir":"/Users/baixing/Downloads/kingKong/logs/kingKong","encoding":"utf8","env":"local","level":"INFO","consoleLevel":"INFO","disableConsoleAfterReady":false,"outputJSON":false,"buffer":true,"appLogName":"kingKong-web.log","coreLogName":"egg-web.log","agentLogName":"egg-agent.log","errorLogName":"common-error.log","coreLogger":{"consoleLevel":"WARN"},"allowDebugAtProd":true,"type":"application"}
2017-12-10 20:26:41,500 INFO 15857 [egg-schedule]: register schedule /Users/baixing/Downloads/kingKong/node_modules/egg-logrotator/app/schedule/clean_log.js
2017-12-10 20:26:41,500 INFO 15857 [egg-schedule]: register schedule /Users/baixing/Downloads/kingKong/node_modules/egg-logrotator/app/schedule/rotate_by_file.js
2017-12-10 20:26:41,522 INFO 15857 [egg-mysql] connecting root@127.0.0.1:3306/kingKong
2017-12-10 20:26:41,640 INFO 15857 [egg-static] starting static serve /public/ -> /Users/baixing/Downloads/kingKong/app/public
2017-12-10 20:26:41,643 INFO 15857 [egg-security] use csrf middleware
2017-12-10 20:26:41,644 INFO 15857 [egg-security] use methodnoallow middleware
2017-12-10 20:26:41,645 INFO 15857 [egg-security] use noopen middleware
2017-12-10 20:26:41,645 INFO 15857 [egg-security] use nosniff middleware
2017-12-10 20:26:41,645 INFO 15857 [egg-security] use xssProtection middleware
2017-12-10 20:26:41,646 INFO 15857 [egg-security] use xframe middleware
2017-12-10 20:26:41,646 INFO 15857 [egg-security] use dta middleware
2017-12-10 20:26:41,646 INFO 15857 [egg-security] compose 7 middlewares into one security middleware
2017-12-10 20:26:41,708 INFO 15857 [egg-watcher:app] watcher start success
2017-12-10 20:26:41,712 INFO 15857 [egg-mysql] instance[0] status OK, rds currentTime: Sun Dec 10 2017 20:26:41 GMT+0800 (CST)
2017-12-10 20:26:42,282 INFO 15858 [egg:logger] init all loggers with options: {"dir":"/Users/baixing/Downloads/kingKong/logs/kingKong","encoding":"utf8","env":"local","level":"INFO","consoleLevel":"INFO","disableConsoleAfterReady":false,"outputJSON":false,"buffer":true,"appLogName":"kingKong-web.log","coreLogName":"egg-web.log","agentLogName":"egg-agent.log","errorLogName":"common-error.log","coreLogger":{"consoleLevel":"WARN"},"allowDebugAtProd":true,"type":"application"}
2017-12-10 20:26:42,324 INFO 15858 [egg-schedule]: register schedule /Users/baixing/Downloads/kingKong/node_modules/egg-logrotator/app/schedule/clean_log.js
2017-12-10 20:26:42,324 INFO 15858 [egg-schedule]: register schedule /Users/baixing/Downloads/kingKong/node_modules/egg-logrotator/app/schedule/rotate_by_file.js
2017-12-10 20:26:42,336 INFO 15858 [egg-mysql] connecting root@127.0.0.1:3306/kingKong
2017-12-10 20:26:42,463 INFO 15858 [egg-static] starting static serve /public/ -> /Users/baixing/Downloads/kingKong/app/public
2017-12-10 20:26:42,467 INFO 15858 [egg-security] use csrf middleware
2017-12-10 20:26:42,468 INFO 15858 [egg-security] use methodnoallow middleware
2017-12-10 20:26:42,468 INFO 15858 [egg-security] use noopen middleware
2017-12-10 20:26:42,469 INFO 15858 [egg-security] use nosniff middleware
2017-12-10 20:26:42,469 INFO 15858 [egg-security] use xssProtection middleware
2017-12-10 20:26:42,470 INFO 15858 [egg-security] use xframe middleware
2017-12-10 20:26:42,470 INFO 15858 [egg-security] use dta middleware
2017-12-10 20:26:42,470 INFO 15858 [egg-security] compose 7 middlewares into one security middleware
2017-12-10 20:26:42,527 INFO 15858 [egg-watcher:app] watcher start success
2017-12-10 20:26:42,530 INFO 15858 [egg-mysql] instance[0] status OK, rds currentTime: Sun Dec 10 2017 20:26:42 GMT+0800 (CST)
2017-12-10 20:27:04,081 INFO 15872 [egg:logger] init all loggers with options: {"dir":"/Users/baixing/Downloads/kingKong/logs/kingKong","encoding":"utf8","env":"local","level":"INFO","consoleLevel":"INFO","disableConsoleAfterReady":false,"outputJSON":false,"buffer":true,"appLogName":"kingKong-web.log","coreLogName":"egg-web.log","agentLogName":"egg-agent.log","errorLogName":"common-error.log","coreLogger":{"consoleLevel":"WARN"},"allowDebugAtProd":true,"type":"application"}
2017-12-10 20:27:04,118 INFO 15872 [egg-schedule]: register schedule /Users/baixing/Downloads/kingKong/node_modules/egg-logrotator/app/schedule/clean_log.js
2017-12-10 20:27:04,118 INFO 15872 [egg-schedule]: register schedule /Users/baixing/Downloads/kingKong/node_modules/egg-logrotator/app/schedule/rotate_by_file.js
2017-12-10 20:27:04,130 INFO 15872 [egg-mysql] connecting root@127.0.0.1:3306/kingKong
2017-12-10 20:27:04,229 INFO 15872 [egg-static] starting static serve /public/ -> /Users/baixing/Downloads/kingKong/app/public
2017-12-10 20:27:04,232 INFO 15872 [egg-security] use csrf middleware
2017-12-10 20:27:04,233 INFO 15872 [egg-security] use methodnoallow middleware
2017-12-10 20:27:04,233 INFO 15872 [egg-security] use noopen middleware
2017-12-10 20:27:04,233 INFO 15872 [egg-security] use nosniff middleware
2017-12-10 20:27:04,234 INFO 15872 [egg-security] use xssProtection middleware
2017-12-10 20:27:04,234 INFO 15872 [egg-security] use xframe middleware
2017-12-10 20:27:04,234 INFO 15872 [egg-security] use dta middleware
2017-12-10 20:27:04,234 INFO 15872 [egg-security] compose 7 middlewares into one security middleware
2017-12-10 20:27:04,291 INFO 15872 [egg-watcher:app] watcher start success
2017-12-10 20:27:04,294 INFO 15872 [egg-mysql] instance[0] status OK, rds currentTime: Sun Dec 10 2017 20:27:04 GMT+0800 (CST)
2017-12-10 20:28:46,740 INFO 15910 [egg:logger] init all loggers with options: {"dir":"/Users/baixing/Downloads/kingKong/logs/kingKong","encoding":"utf8","env":"local","level":"INFO","consoleLevel":"INFO","disableConsoleAfterReady":false,"outputJSON":false,"buffer":true,"appLogName":"kingKong-web.log","coreLogName":"egg-web.log","agentLogName":"egg-agent.log","errorLogName":"common-error.log","coreLogger":{"consoleLevel":"WARN"},"allowDebugAtProd":true,"type":"application"}
2017-12-10 20:28:46,774 INFO 15910 [egg-schedule]: register schedule /Users/baixing/Downloads/kingKong/node_modules/egg-logrotator/app/schedule/clean_log.js
2017-12-10 20:28:46,774 INFO 15910 [egg-schedule]: register schedule /Users/baixing/Downloads/kingKong/node_modules/egg-logrotator/app/schedule/rotate_by_file.js
2017-12-10 20:28:46,787 INFO 15910 [egg-mysql] connecting root@127.0.0.1:3306/kingKong
2017-12-10 20:28:46,907 INFO 15910 [egg-static] starting static serve /public/ -> /Users/baixing/Downloads/kingKong/app/public
2017-12-10 20:28:46,909 INFO 15910 [egg-security] use csrf middleware
2017-12-10 20:28:46,910 INFO 15910 [egg-security] use methodnoallow middleware
2017-12-10 20:28:46,911 INFO 15910 [egg-security] use noopen middleware
2017-12-10 20:28:46,911 INFO 15910 [egg-security] use nosniff middleware
2017-12-10 20:28:46,911 INFO 15910 [egg-security] use xssProtection middleware
2017-12-10 20:28:46,912 INFO 15910 [egg-security] use xframe middleware
2017-12-10 20:28:46,912 INFO 15910 [egg-security] use dta middleware
2017-12-10 20:28:46,912 INFO 15910 [egg-security] compose 7 middlewares into one security middleware
2017-12-10 20:28:46,968 INFO 15910 [egg-watcher:app] watcher start success
2017-12-10 20:28:46,970 INFO 15910 [egg-mysql] instance[0] status OK, rds currentTime: Sun Dec 10 2017 20:28:46 GMT+0800 (CST)
2017-12-10 20:35:39,149 INFO 16038 [egg:logger] init all loggers with options: {"dir":"/Users/baixing/Downloads/kingKong/logs/kingKong","encoding":"utf8","env":"local","level":"INFO","consoleLevel":"INFO","disableConsoleAfterReady":false,"outputJSON":false,"buffer":true,"appLogName":"kingKong-web.log","coreLogName":"egg-web.log","agentLogName":"egg-agent.log","errorLogName":"common-error.log","coreLogger":{"consoleLevel":"WARN"},"allowDebugAtProd":true,"type":"application"}
2017-12-10 20:35:39,231 INFO 16038 [egg-schedule]: register schedule /Users/baixing/Downloads/kingKong/node_modules/egg-logrotator/app/schedule/clean_log.js
2017-12-10 20:35:39,231 INFO 16038 [egg-schedule]: register schedule /Users/baixing/Downloads/kingKong/node_modules/egg-logrotator/app/schedule/rotate_by_file.js
2017-12-10 20:35:39,257 INFO 16038 [egg-mysql] connecting root@127.0.0.1:3306/kingKong
2017-12-10 20:35:39,379 INFO 16038 [egg-static] starting static serve /public/ -> /Users/baixing/Downloads/kingKong/app/public
2017-12-10 20:35:39,384 INFO 16038 [egg-security] use csrf middleware
2017-12-10 20:35:39,385 INFO 16038 [egg-security] use methodnoallow middleware
2017-12-10 20:35:39,386 INFO 16038 [egg-security] use noopen middleware
2017-12-10 20:35:39,386 INFO 16038 [egg-security] use nosniff middleware
2017-12-10 20:35:39,387 INFO 16038 [egg-security] use xssProtection middleware
2017-12-10 20:35:39,388 INFO 16038 [egg-security] use xframe middleware
2017-12-10 20:35:39,388 INFO 16038 [egg-security] use dta middleware
2017-12-10 20:35:39,388 INFO 16038 [egg-security] compose 7 middlewares into one security middleware
2017-12-10 20:35:39,440 INFO 16038 [egg-watcher:app] watcher start success
2017-12-10 20:35:39,442 INFO 16038 [egg-mysql] instance[0] status OK, rds currentTime: Sun Dec 10 2017 20:35:39 GMT+0800 (CST)
2017-12-10 20:36:43,747 INFO 16075 [egg:logger] init all loggers with options: {"dir":"/Users/baixing/Downloads/kingKong/logs/kingKong","encoding":"utf8","env":"local","level":"INFO","consoleLevel":"INFO","disableConsoleAfterReady":false,"outputJSON":false,"buffer":true,"appLogName":"kingKong-web.log","coreLogName":"egg-web.log","agentLogName":"egg-agent.log","errorLogName":"common-error.log","coreLogger":{"consoleLevel":"WARN"},"allowDebugAtProd":true,"type":"application"}
2017-12-10 20:36:43,787 INFO 16075 [egg-schedule]: register schedule /Users/baixing/Downloads/kingKong/node_modules/egg-logrotator/app/schedule/clean_log.js
2017-12-10 20:36:43,787 INFO 16075 [egg-schedule]: register schedule /Users/baixing/Downloads/kingKong/node_modules/egg-logrotator/app/schedule/rotate_by_file.js
2017-12-10 20:36:43,799 INFO 16075 [egg-mysql] connecting root@127.0.0.1:3306/kingKong
2017-12-10 20:36:43,912 INFO 16075 [egg-static] starting static serve /public/ -> /Users/baixing/Downloads/kingKong/app/public
2017-12-10 20:36:43,917 INFO 16075 [egg-security] use csrf middleware
2017-12-10 20:36:43,918 INFO 16075 [egg-security] use methodnoallow middleware
2017-12-10 20:36:43,918 INFO 16075 [egg-security] use noopen middleware
2017-12-10 20:36:43,919 INFO 16075 [egg-security] use nosniff middleware
2017-12-10 20:36:43,919 INFO 16075 [egg-security] use xssProtection middleware
2017-12-10 20:36:43,920 INFO 16075 [egg-security] use xframe middleware
2017-12-10 20:36:43,920 INFO 16075 [egg-security] use dta middleware
2017-12-10 20:36:43,920 INFO 16075 [egg-security] compose 7 middlewares into one security middleware
2017-12-10 20:36:43,977 INFO 16075 [egg-watcher:app] watcher start success
2017-12-10 20:36:43,980 INFO 16075 [egg-mysql] instance[0] status OK, rds currentTime: Sun Dec 10 2017 20:36:43 GMT+0800 (CST)
2017-12-10 20:36:51,196 INFO 16084 [egg:logger] init all loggers with options: {"dir":"/Users/baixing/Downloads/kingKong/logs/kingKong","encoding":"utf8","env":"local","level":"INFO","consoleLevel":"INFO","disableConsoleAfterReady":false,"outputJSON":false,"buffer":true,"appLogName":"kingKong-web.log","coreLogName":"egg-web.log","agentLogName":"egg-agent.log","errorLogName":"common-error.log","coreLogger":{"consoleLevel":"WARN"},"allowDebugAtProd":true,"type":"application"}
2017-12-10 20:36:51,241 INFO 16084 [egg-schedule]: register schedule /Users/baixing/Downloads/kingKong/node_modules/egg-logrotator/app/schedule/clean_log.js
2017-12-10 20:36:51,241 INFO 16084 [egg-schedule]: register schedule /Users/baixing/Downloads/kingKong/node_modules/egg-logrotator/app/schedule/rotate_by_file.js
2017-12-10 20:36:51,258 INFO 16084 [egg-mysql] connecting root@127.0.0.1:3306/kingKong
2017-12-10 20:36:51,378 INFO 16084 [egg-static] starting static serve /public/ -> /Users/baixing/Downloads/kingKong/app/public
2017-12-10 20:36:51,381 INFO 16084 [egg-security] use csrf middleware
2017-12-10 20:36:51,382 INFO 16084 [egg-security] use methodnoallow middleware
2017-12-10 20:36:51,382 INFO 16084 [egg-security] use noopen middleware
2017-12-10 20:36:51,383 INFO 16084 [egg-security] use nosniff middleware
2017-12-10 20:36:51,383 INFO 16084 [egg-security] use xssProtection middleware
2017-12-10 20:36:51,384 INFO 16084 [egg-security] use xframe middleware
2017-12-10 20:36:51,384 INFO 16084 [egg-security] use dta middleware
2017-12-10 20:36:51,384 INFO 16084 [egg-security] compose 7 middlewares into one security middleware
2017-12-10 20:36:51,442 INFO 16084 [egg-watcher:app] watcher start success
2017-12-10 20:36:51,444 INFO 16084 [egg-mysql] instance[0] status OK, rds currentTime: Sun Dec 10 2017 20:36:51 GMT+0800 (CST)
2017-12-10 20:38:33,760 INFO 16116 [egg:logger] init all loggers with options: {"dir":"/Users/baixing/Downloads/kingKong/logs/kingKong","encoding":"utf8","env":"local","level":"INFO","consoleLevel":"INFO","disableConsoleAfterReady":false,"outputJSON":false,"buffer":true,"appLogName":"kingKong-web.log","coreLogName":"egg-web.log","agentLogName":"egg-agent.log","errorLogName":"common-error.log","coreLogger":{"consoleLevel":"WARN"},"allowDebugAtProd":true,"type":"application"}
2017-12-10 20:38:33,798 INFO 16116 [egg-schedule]: register schedule /Users/baixing/Downloads/kingKong/node_modules/egg-logrotator/app/schedule/clean_log.js
2017-12-10 20:38:33,798 INFO 16116 [egg-schedule]: register schedule /Users/baixing/Downloads/kingKong/node_modules/egg-logrotator/app/schedule/rotate_by_file.js
2017-12-10 20:38:33,811 INFO 16116 [egg-mysql] connecting root@127.0.0.1:3306/kingKong
2017-12-10 20:38:33,930 INFO 16116 [egg-static] starting static serve /public/ -> /Users/baixing/Downloads/kingKong/app/public
2017-12-10 20:38:33,935 INFO 16116 [egg-security] use csrf middleware
2017-12-10 20:38:33,936 INFO 16116 [egg-security] use methodnoallow middleware
2017-12-10 20:38:33,937 INFO 16116 [egg-security] use noopen middleware
2017-12-10 20:38:33,938 INFO 16116 [egg-security] use nosniff middleware
2017-12-10 20:38:33,938 INFO 16116 [egg-security] use xssProtection middleware
2017-12-10 20:38:33,939 INFO 16116 [egg-security] use xframe middleware
2017-12-10 20:38:33,939 INFO 16116 [egg-security] use dta middleware
2017-12-10 20:38:33,939 INFO 16116 [egg-security] compose 7 middlewares into one security middleware
2017-12-10 20:38:34,005 INFO 16116 [egg-watcher:app] watcher start success
2017-12-10 20:38:34,009 INFO 16116 [egg-mysql] instance[0] status OK, rds currentTime: Sun Dec 10 2017 20:38:34 GMT+0800 (CST)
2017-12-10 20:38:34,592 INFO 16117 [egg:logger] init all loggers with options: {"dir":"/Users/baixing/Downloads/kingKong/logs/kingKong","encoding":"utf8","env":"local","level":"INFO","consoleLevel":"INFO","disableConsoleAfterReady":false,"outputJSON":false,"buffer":true,"appLogName":"kingKong-web.log","coreLogName":"egg-web.log","agentLogName":"egg-agent.log","errorLogName":"common-error.log","coreLogger":{"consoleLevel":"WARN"},"allowDebugAtProd":true,"type":"application"}
2017-12-10 20:38:34,638 INFO 16117 [egg-schedule]: register schedule /Users/baixing/Downloads/kingKong/node_modules/egg-logrotator/app/schedule/clean_log.js
2017-12-10 20:38:34,638 INFO 16117 [egg-schedule]: register schedule /Users/baixing/Downloads/kingKong/node_modules/egg-logrotator/app/schedule/rotate_by_file.js
2017-12-10 20:38:34,651 INFO 16117 [egg-mysql] connecting root@127.0.0.1:3306/kingKong
2017-12-10 20:38:34,771 INFO 16117 [egg-static] starting static serve /public/ -> /Users/baixing/Downloads/kingKong/app/public
2017-12-10 20:38:34,774 INFO 16117 [egg-security] use csrf middleware
2017-12-10 20:38:34,774 INFO 16117 [egg-security] use methodnoallow middleware
2017-12-10 20:38:34,775 INFO 16117 [egg-security] use noopen middleware
2017-12-10 20:38:34,776 INFO 16117 [egg-security] use nosniff middleware
2017-12-10 20:38:34,777 INFO 16117 [egg-security] use xssProtection middleware
2017-12-10 20:38:34,778 INFO 16117 [egg-security] use xframe middleware
2017-12-10 20:38:34,778 INFO 16117 [egg-security] use dta middleware
2017-12-10 20:38:34,778 INFO 16117 [egg-security] compose 7 middlewares into one security middleware
2017-12-10 20:38:34,843 INFO 16117 [egg-watcher:app] watcher start success
2017-12-10 20:38:34,846 INFO 16117 [egg-mysql] instance[0] status OK, rds currentTime: Sun Dec 10 2017 20:38:34 GMT+0800 (CST)
2017-12-10 22:46:58,756 WARN 16117 [ClusterClient:Watcher] follower closed, and try to init it again
2017-12-10 22:57:06,021 WARN 16117 [TCPBase] socket is closed by other side while there were still unhandled data in the socket buffer
2017-12-10 22:57:06,022 WARN 16117 [ClusterClient:Watcher] follower closed, and try to init it again
2017-12-11 09:36:48,982 WARN 16117 [TCPBase] socket is closed by other side while there were still unhandled data in the socket buffer
2017-12-11 09:36:49,069 WARN 16117 [ClusterClient:Watcher] follower closed, and try to init it again
2017-12-11 11:06:58,800 INFO 19164 [egg:logger] init all loggers with options: {"dir":"/Users/baixing/Downloads/kingKong/logs/kingKong","encoding":"utf8","env":"local","level":"INFO","consoleLevel":"INFO","disableConsoleAfterReady":false,"outputJSON":false,"buffer":true,"appLogName":"kingKong-web.log","coreLogName":"egg-web.log","agentLogName":"egg-agent.log","errorLogName":"common-error.log","coreLogger":{"consoleLevel":"WARN"},"allowDebugAtProd":true,"type":"application"}
2017-12-11 11:06:58,849 INFO 19164 [egg-schedule]: register schedule /Users/baixing/Downloads/kingKong/node_modules/egg-logrotator/app/schedule/clean_log.js
2017-12-11 11:06:58,849 INFO 19164 [egg-schedule]: register schedule /Users/baixing/Downloads/kingKong/node_modules/egg-logrotator/app/schedule/rotate_by_file.js
2017-12-11 11:06:58,878 INFO 19164 [egg-mysql] connecting root@127.0.0.1:3306/kingKong
2017-12-11 11:06:59,075 INFO 19164 [egg-static] starting static serve /public/ -> /Users/baixing/Downloads/kingKong/app/public
2017-12-11 11:06:59,080 INFO 19164 [egg-security] use csrf middleware
2017-12-11 11:06:59,081 INFO 19164 [egg-security] use methodnoallow middleware
2017-12-11 11:06:59,082 INFO 19164 [egg-security] use noopen middleware
2017-12-11 11:06:59,083 INFO 19164 [egg-security] use nosniff middleware
2017-12-11 11:06:59,083 INFO 19164 [egg-security] use xssProtection middleware
2017-12-11 11:06:59,084 INFO 19164 [egg-security] use xframe middleware
2017-12-11 11:06:59,085 INFO 19164 [egg-security] use dta middleware
2017-12-11 11:06:59,085 INFO 19164 [egg-security] compose 7 middlewares into one security middleware
2017-12-11 11:06:59,143 INFO 19164 [egg-watcher:app] watcher start success
2017-12-11 11:06:59,153 INFO 19164 [egg-mysql] instance[0] status OK, rds currentTime: Mon Dec 11 2017 11:06:59 GMT+0800 (CST)
